2026-01-11 14:00:05 Arduino IDE 2.3.7
2026-01-11 14:00:05 Checking for frontend application configuration customizations. Module path: /opt/arduino-ide/resources/app/lib/backend/electron-main.js, destination 'package.json': /opt/arduino-ide/resources/app/package.json
2026-01-11 14:00:05 Setting 'theia.frontend.config.appVersion' application configuration value to: "2.3.7" (type of string)
2026-01-11 14:00:05 Setting 'theia.frontend.config.cliVersion' application configuration value to: "1.3.1" (type of string)
2026-01-11 14:00:05 Setting 'theia.frontend.config.buildDate' application configuration value to: "2025-12-17T16:01:58.874Z" (type of string)
2026-01-11 14:00:05 Frontend application configuration after modifications: {"applicationName":"Arduino IDE","defaultTheme":{"light":"arduino-theme","dark":"arduino-theme-dark"},"defaultIconTheme":"none","electron":{"windowOptions":{},"showWindowEarly":true,"splashScreenOptions":{},"uriScheme":"arduino-ide"},"defaultLocale":"","validatePreferencesSchema":false,"reloadOnReconnect":true,"uriScheme":"theia","preferences":{"window.title":"${rootName}${activeEditorShort}${appName}","files.autoSave":"afterDelay","editor.minimap.enabled":false,"editor.tabSize":2,"editor.scrollBeyondLastLine":false,"editor.quickSuggestions":{"other":false,"comments":false,"strings":false},"editor.maxTokenizationLineLength":500,"editor.bracketPairColorization.enabled":false,"breadcrumbs.enabled":false,"workbench.tree.renderIndentGuides":"none","explorer.compactFolders":false},"appVersion":"2.3.7","cliVersion":"1.3.1","buildDate":"2025-12-17T16:01:58.874Z"}
2026-01-11 14:00:05 Starting backend process. PID: 41699
2026-01-11 14:00:05 Showing main window early
2026-01-11 14:00:06 Using browser-only version of superagent in non-browser environment
2026-01-11 14:00:06 Configuration directory URI: 'file:///home/chriz/.arduinoIDE'
2026-01-11 14:00:06 Configuring to accept webviews on '^.+\.webview\..+$' hostname.
2026-01-11 14:00:06 2026-01-11T10:00:06.369Z root INFO Backend u.initialize: 43.5 ms [Finished 0.792 s after backend start]
2026-01-11 14:00:06 2026-01-11T10:00:06.369Z root INFO Backend Object.initialize: 41.3 ms [Finished 0.792 s after backend start]
2026-01-11 14:00:06 2026-01-11T10:00:06.369Z root INFO Backend a.initialize: 1.6 ms [Finished 0.792 s after backend start]
2026-01-11 14:00:06 2026-01-11T10:00:06.369Z root INFO Backend a.initialize: 1.2 ms [Finished 0.792 s after backend start]
2026-01-11 14:00:06 2026-01-11T10:00:06.369Z root INFO Backend u.initialize: 1.7 ms [Finished 0.792 s after backend start]
2026-01-11 14:00:06 2026-01-11T10:00:06.372Z root INFO Backend l.initialize: 43.1 ms [Finished 0.794 s after backend start]
2026-01-11 14:00:06 2026-01-11T10:00:06.380Z root INFO configured all backend app contributions
2026-01-11 14:00:06 2026-01-11T10:00:06.381Z root INFO Backend l.onStart: 1.5 ms [Finished 0.806 s after backend start]
2026-01-11 14:00:06 2026-01-11T10:00:06.381Z root INFO Backend d.onStart: 0.1 ms [Finished 0.806 s after backend start]
2026-01-11 14:00:06 2026-01-11T10:00:06.382Z root INFO Backend a.onStart: 0.4 ms [Finished 0.806 s after backend start]
2026-01-11 14:00:06 2026-01-11T10:00:06.382Z config INFO >>> Initializing CLI configuration...
2026-01-11 14:00:06 2026-01-11T10:00:06.382Z root INFO Backend x.onStart: 0.4 ms [Finished 0.807 s after backend start]
2026-01-11 14:00:06 2026-01-11T10:00:06.382Z config INFO Loading CLI configuration from /home/chriz/.arduinoIDE/arduino-cli.yaml...
2026-01-11 14:00:06 2026-01-11T10:00:06.383Z daemon INFO Starting daemon from /opt/arduino-ide/resources/app/lib/backend/resources/arduino-cli...
2026-01-11 14:00:06 2026-01-11T10:00:06.383Z root INFO Backend w.onStart: 0.5 ms [Finished 0.808 s after backend start]
2026-01-11 14:00:06 2026-01-11T10:00:06.383Z discovery-log INFO start
2026-01-11 14:00:06 2026-01-11T10:00:06.383Z discovery-log INFO start new deferred
2026-01-11 14:00:06 2026-01-11T10:00:06.383Z root INFO Backend v.onStart: 0.3 ms [Finished 0.808 s after backend start]
2026-01-11 14:00:06 2026-01-11T10:00:06.383Z root INFO Backend a.onStart: 0.1 ms [Finished 0.808 s after backend start]
2026-01-11 14:00:06 2026-01-11T10:00:06.386Z root WARN The local plugin referenced by local-dir:/home/chriz/.arduinoIDE/plugins does not exist.
2026-01-11 14:00:06 2026-01-11T10:00:06.386Z root WARN The local plugin referenced by local-dir:/home/chriz/.arduinoIDE/deployedPlugins does not exist.
2026-01-11 14:00:06 2026-01-11T10:00:06.391Z root INFO Theia app listening on http://127.0.0.1:34697.
2026-01-11 14:00:06 2026-01-11T10:00:06.391Z root INFO Finished starting backend application: 8.3 ms [Finished 0.816 s after backend start]
2026-01-11 14:00:06 2026-01-11T10:00:06.427Z config INFO Loaded CLI configuration: {"board_manager":{"additional_urls":[]}}
2026-01-11 14:00:06 2026-01-11T10:00:06.427Z config INFO Loading fallback CLI configuration to get 'directories.data' and 'directories.user'
2026-01-11 14:00:06 2026-01-11T10:00:06.481Z daemon INFO time="2026-01-11T14:00:06+04:00" level=info msg="arduino-cli version 1.3.1"
2026-01-11 14:00:06 2026-01-11T10:00:06.493Z daemon INFO time="2026-01-11T14:00:06+04:00" level=info msg="Using config file: /home/chriz/.arduinoIDE/arduino-cli.yaml"
time="2026-01-11T14:00:06+04:00" level=info msg="Executing `arduino-cli daemon`"
Daemon is now listening on 127.0.0.1:39657
{"IP":"127.0.0.1","Port":"39657"}
2026-01-11 14:00:06 2026-01-11T10:00:06.493Z daemon INFO Daemon is running.
2026-01-11 14:00:06 2026-01-11T10:00:06.507Z config INFO Loaded fallback CLI configuration: {"library":{"enable_unsafe_install":true},"directories":{"user":"/home/chriz/Arduino","data":"/home/chriz/.arduino15"}}
2026-01-11 14:00:06 2026-01-11T10:00:06.507Z config INFO Merged CLI configuration with the fallback: {"library":{"enable_unsafe_install":true},"directories":{"user":"/home/chriz/Arduino","data":"/home/chriz/.arduino15"},"board_manager":{"additional_urls":[]}}
2026-01-11 14:00:06 2026-01-11T10:00:06.507Z config INFO Loaded the CLI configuration.
2026-01-11 14:00:06 2026-01-11T10:00:06.513Z config INFO Mapped the CLI configuration: {"dataDirUri":"file:///home/chriz/.arduino15","sketchDirUri":"file:///home/chriz/Arduino","additionalUrls":[],"network":"none","locale":"en"}
2026-01-11 14:00:06 2026-01-11T10:00:06.513Z config INFO Validating the CLI configuration...
2026-01-11 14:00:06 2026-01-11T10:00:06.514Z config INFO The CLI config is valid.
2026-01-11 14:00:06 2026-01-11T10:00:06.514Z config INFO <<< Initialized the CLI configuration.
2026-01-11 14:00:06 2026-01-11T10:00:06.535Z root INFO Resolve plugins list: 150.2 ms [Finished 0.960 s after backend start]
2026-01-11 14:00:06 2026-01-11T10:00:06.544Z daemon INFO time="2026-01-11T14:00:06+04:00" level=info msg="Checking signature" index=/home/chriz/.arduino15/package_index.json signatureFile=/home/chriz/.arduino15/package_index.json.sig trusted=true
2026-01-11 14:00:06 2026-01-11T10:00:06.546Z daemon INFO time="2026-01-11T14:00:06+04:00" level=info msg="Loading hardware from: /home/chriz/.arduino15/packages"
2026-01-11 14:00:06 2026-01-11T10:00:06.547Z daemon INFO time="2026-01-11T14:00:06+04:00" level=info msg="Loading package arduino from: /home/chriz/.arduino15/packages/arduino/hardware"
2026-01-11 14:00:06 2026-01-11T10:00:06.551Z daemon INFO time="2026-01-11T14:00:06+04:00" level=info msg="Missing signature file" index=/home/chriz/.arduino15/packages/arduino/hardware/avr/1.8.6/installed.json
2026-01-11 14:00:06 2026-01-11T10:00:06.556Z daemon INFO time="2026-01-11T14:00:06+04:00" level=info msg="Adding monitor tool" protocol=serial tool="builtin:serial-monitor"
time="2026-01-11T14:00:06+04:00" level=info msg="Loaded platform" platform="arduino:avr@1.8.6"
time="2026-01-11T14:00:06+04:00" level=info msg="Checking existence of 'tools' path: /home/chriz/.arduino15/packages/arduino/tools"
time="2026-01-11T14:00:06+04:00" level=info msg="Loading tools from dir: /home/chriz/.arduino15/packages/arduino/tools"
2026-01-11 14:00:06 2026-01-11T10:00:06.557Z daemon INFO time="2026-01-11T14:00:06+04:00" level=info msg="Loaded tool" tool="arduino:arduinoOTA@1.3.0"
2026-01-11 14:00:06 2026-01-11T10:00:06.557Z daemon INFO time="2026-01-11T14:00:06+04:00" level=info msg="Loaded tool" tool="arduino:avr-gcc@7.3.0-atmel3.6.1-arduino7"
time="2026-01-11T14:00:06+04:00" level=info msg="Loaded tool" tool="arduino:avrdude@6.3.0-arduino17"
time="2026-01-11T14:00:06+04:00" level=info msg="Loading package builtin from: /home/chriz/.arduino15/packages/builtin"
2026-01-11 14:00:06 2026-01-11T10:00:06.557Z daemon INFO time="2026-01-11T14:00:06+04:00" level=info msg="Checking existence of 'tools' path: /home/chriz/.arduino15/packages/builtin/tools"
time="2026-01-11T14:00:06+04:00" level=info msg="Loading tools from dir: /home/chriz/.arduino15/packages/builtin/tools"
2026-01-11 14:00:06 2026-01-11T10:00:06.564Z daemon INFO time="2026-01-11T14:00:06+04:00" level=info msg="Loaded tool" tool="builtin:ctags@5.8-arduino11"
time="2026-01-11T14:00:06+04:00" level=info msg="Loaded tool" tool="builtin:dfu-discovery@0.1.2"
time="2026-01-11T14:00:06+04:00" level=info msg="Loaded tool" tool="builtin:mdns-discovery@1.0.12"
time="2026-01-11T14:00:06+04:00" level=info msg="Loaded tool" tool="builtin:serial-discovery@1.4.3"
time="2026-01-11T14:00:06+04:00" level=info msg="Loaded tool" tool="builtin:serial-monitor@0.15.0"
2026-01-11 14:00:06 2026-01-11T10:00:06.569Z daemon INFO time="2026-01-11T14:00:06+04:00" level=info msg="Adding libraries dir" dir=/home/chriz/.arduino15/packages/arduino/hardware/avr/1.8.6/libraries isSingleLibrary=false location=platform
time="2026-01-11T14:00:06+04:00" level=info msg="Loading libraries index file" index=/home/chriz/.arduino15/library_index.json
2026-01-11 14:00:07 2026-01-11T10:00:07.018Z daemon INFO time="2026-01-11T14:00:07+04:00" level=info msg="Adding libraries dir" dir=/home/chriz/.arduino15/libraries isSingleLibrary=false location=ide
time="2026-01-11T14:00:07+04:00" level=info msg="Adding libraries dir" dir=/home/chriz/Arduino/libraries isSingleLibrary=false location=user
2026-01-11 14:00:07 2026-01-11T10:00:07.032Z discovery-log INFO start resolved watching
2026-01-11 14:00:07 2026-01-11T10:00:07.069Z discovery-log INFO {"eventType":"add","port":{"matchingBoardsList":[],"port":{"address":"/dev/ttyUSB0","label":"/dev/ttyUSB0","protocol":"serial","protocolLabel":"Serial Port (USB)","propertiesMap":[["pid","0x7523"],["serialNumber",""],["vid","0x1a86"]],"hardwareId":""}},"error":""}
2026-01-11 14:00:07 2026-01-11T10:00:07.162Z root INFO Deploy plugins list: 777.9 ms [Finished 1.588 s after backend start]
2026-01-11 14:00:07 2026-01-11T10:00:07.406Z root INFO creating connection for 1
2026-01-11 14:00:08 2026-01-11T10:00:08.598Z root WARN A command editor.action.toggleStickyScroll is already registered.
2026-01-11 14:00:08 Opening channel for service path '/services/electron-window'.
2026-01-11 14:00:08 Opening channel for service path '/services/ide-updater'.
2026-01-11 14:00:08 2026-01-11T10:00:08.760Z root INFO Start frontend contributions: 387.6 ms [Finished 2.332 s after frontend start]
2026-01-11 14:00:08 2026-01-11T10:00:08.760Z root INFO Changed application state from 'init' to 'started_contributions'.
2026-01-11 14:00:08 2026-01-11T10:00:08.772Z root INFO Changed application state from 'started_contributions' to 'attached_shell'.
2026-01-11 14:00:08 2026-01-11T10:00:08.772Z root INFO >>> Restoring the layout state...
2026-01-11 14:00:08 2026-01-11T10:00:08.847Z root INFO [03a16814-a9c5-430f-83b4-e020849da3be] Waiting for backend deployment: 103.5 ms [Finished 2.424 s after frontend start]
2026-01-11 14:00:09 2026-01-11T10:00:09.542Z root INFO [hosted-plugin: 41940] PLUGIN_HOST(41940) starting instance
[Object: null prototype] {}
2026-01-11 14:00:10 2026-01-11T10:00:10.359Z root INFO [03a16814-a9c5-430f-83b4-e020849da3be] Sync of 23 plugins: 1530.0 ms [Finished 3.954 s after frontend start]
2026-01-11 14:00:10 2026-01-11T10:00:10.377Z root INFO <<< Nothing to restore.
2026-01-11 14:00:10 2026-01-11T10:00:10.473Z root INFO Initialize the workbench layout: 1635.5 ms [Finished 4.001 s after frontend start]
2026-01-11 14:00:10 2026-01-11T10:00:10.475Z root INFO Changed application state from 'attached_shell' to 'initialized_layout'.
2026-01-11 14:00:10 2026-01-11T10:00:10.476Z root INFO [03a16814-a9c5-430f-83b4-e020849da3be] Loading plugin contributions
2026-01-11 14:00:10 2026-01-11T10:00:10.476Z root INFO [03a16814-a9c5-430f-83b4-e020849da3be] Load contributions of 23 plugins: 52.8 ms [Finished 4.065 s after frontend start]
2026-01-11 14:00:10 2026-01-11T10:00:10.536Z root WARN 'cpp' language is remapped from 'source.cpp.embedded.macro' to 'source.cpp' scope
2026-01-11 14:00:10 2026-01-11T10:00:10.537Z root WARN a registered grammar configuration for 'cpp' language is overridden
2026-01-11 14:00:11 2026-01-11T10:00:11.135Z root ERROR [hosted-plugin: 41940] Conflict in settings file Default: Ignoring cortex-debug.armToolchainPath.linux as cortex-debug.armToolchainPath is null
2026-01-11 14:00:11 2026-01-11T10:00:11.135Z root ERROR [hosted-plugin: 41940] Conflict in settings file Default: Ignoring cortex-debug.armToolchainPath.osx as cortex-debug.armToolchainPath is null
Conflict in settings file Default: Ignoring cortex-debug.armToolchainPath.windows as cortex-debug.armToolchainPath is null
Conflict in settings file Default: Ignoring cortex-debug.JLinkGDBServerPath.linux as cortex-debug.JLinkGDBServerPath is null
Conflict in settings file Default: Ignoring cortex-debug.JLinkGDBServerPath.osx as cortex-debug.JLinkGDBServerPath is null
Conflict in settings file Default: Ignoring cortex-debug.JLinkGDBServerPath.windows as cortex-debug.JLinkGDBServerPath is null
2026-01-11 14:00:11 2026-01-11T10:00:11.135Z root ERROR [hosted-plugin: 41940] Conflict in settings file Default: Ignoring cortex-debug.openocdPath.linux as cortex-debug.openocdPath is null
Conflict in settings file Default: Ignoring cortex-debug.openocdPath.osx as cortex-debug.openocdPath is null
Conflict in settings file Default: Ignoring cortex-debug.openocdPath.windows as cortex-debug.openocdPath is null
2026-01-11 14:00:11 2026-01-11T10:00:11.136Z root ERROR [hosted-plugin: 41940] Conflict in settings file Default: Ignoring cortex-debug.pyocdPath.linux as cortex-debug.pyocdPath is null
Conflict in settings file Default: Ignoring cortex-debug.pyocdPath.osx as cortex-debug.pyocdPath is null
Conflict in settings file Default: Ignoring cortex-debug.pyocdPath.windows as cortex-debug.pyocdPath is null
2026-01-11 14:00:11 2026-01-11T10:00:11.136Z root ERROR [hosted-plugin: 41940] Conflict in settings file Default: Ignoring cortex-debug.PEGDBServerPath.linux as cortex-debug.PEGDBServerPath is null
Conflict in settings file Default: Ignoring cortex-debug.PEGDBServerPath.osx as cortex-debug.PEGDBServerPath is null
Conflict in settings file Default: Ignoring cortex-debug.PEGDBServerPath.windows as cortex-debug.PEGDBServerPath is null
Conflict in settings file Default: Ignoring cortex-debug.stutilPath.linux as cortex-debug.stutilPath is null
2026-01-11 14:00:11 2026-01-11T10:00:11.136Z root ERROR [hosted-plugin: 41940] Conflict in settings file Default: Ignoring cortex-debug.stutilPath.osx as cortex-debug.stutilPath is null
Conflict in settings file Default: Ignoring cortex-debug.stutilPath.windows as cortex-debug.stutilPath is null
Conflict in settings file Default: Ignoring cortex-debug.stlinkPath.linux as cortex-debug.stlinkPath is null
Conflict in settings file Default: Ignoring cortex-debug.stlinkPath.osx as cortex-debug.stlinkPath is null
2026-01-11 14:00:11 2026-01-11T10:00:11.136Z root ERROR [hosted-plugin: 41940] Conflict in settings file Default: Ignoring cortex-debug.stlinkPath.windows as cortex-debug.stlinkPath is null
Conflict in settings file Default: Ignoring cortex-debug.stm32cubeprogrammer.linux as cortex-debug.stm32cubeprogrammer is null
Conflict in settings file Default: Ignoring cortex-debug.stm32cubeprogrammer.osx as cortex-debug.stm32cubeprogrammer is null
Conflict in settings file Default: Ignoring cortex-debug.stm32cubeprogrammer.windows as cortex-debug.stm32cubeprogrammer is null
2026-01-11 14:00:11 2026-01-11T10:00:11.162Z root INFO [hosted-plugin: 41940] PLUGIN_HOST(41940): PluginManagerExtImpl/init()
2026-01-11 14:00:11 2026-01-11T10:00:11.164Z root INFO [hosted-plugin: 41940] PLUGIN_HOST(41940): initializing(vscode-arduino-api@0.1.2 with /opt/arduino-ide/resources/app/lib/backend/plugin-vscode-init)
2026-01-11 14:00:11 2026-01-11T10:00:11.267Z root INFO [hosted-plugin: 41940] PLUGIN_HOST(41940): initializing(json-language-features@1.88.1 with /opt/arduino-ide/resources/app/lib/backend/plugin-vscode-init)
2026-01-11 14:00:11 2026-01-11T10:00:11.274Z root INFO [hosted-plugin: 41940] PLUGIN_HOST(41940): initializing(cortex-debug@1.5.1 with /opt/arduino-ide/resources/app/lib/backend/plugin-vscode-init)
2026-01-11 14:00:11 2026-01-11T10:00:11.274Z root INFO [hosted-plugin: 41940] Debugger contribution has been registered: cortex-debug
2026-01-11 14:00:11 2026-01-11T10:00:11.277Z root INFO [hosted-plugin: 41940] PLUGIN_HOST(41940): initializing(vscode-arduino-tools@0.1.3 with /opt/arduino-ide/resources/app/lib/backend/plugin-vscode-init)
2026-01-11 14:00:11 2026-01-11T10:00:11.279Z root INFO [hosted-plugin: 41940] PLUGIN_HOST(41940): initializing(cpp@1.88.1 with /opt/arduino-ide/resources/app/lib/backend/plugin-vscode-init)
2026-01-11 14:00:11 2026-01-11T10:00:11.281Z root INFO [hosted-plugin: 41940] PLUGIN_HOST(41940): initializing(json@1.88.1 with /opt/arduino-ide/resources/app/lib/backend/plugin-vscode-init)
2026-01-11 14:00:11 2026-01-11T10:00:11.288Z root INFO [hosted-plugin: 41940] PLUGIN_HOST(41940): initializing(vscode-language-pack-bg@1.48.3 with /opt/arduino-ide/resources/app/lib/backend/plugin-vscode-init)
2026-01-11 14:00:11 2026-01-11T10:00:11.289Z root INFO [hosted-plugin: 41940] PLUGIN_HOST(41940): initializing(vscode-language-pack-cs@1.96.0 with /opt/arduino-ide/resources/app/lib/backend/plugin-vscode-init)
2026-01-11 14:00:11 2026-01-11T10:00:11.290Z root INFO [hosted-plugin: 41940] PLUGIN_HOST(41940): initializing(vscode-language-pack-de@1.96.0 with /opt/arduino-ide/resources/app/lib/backend/plugin-vscode-init)
2026-01-11 14:00:11 2026-01-11T10:00:11.292Z root INFO [hosted-plugin: 41940] PLUGIN_HOST(41940): initializing(vscode-language-pack-es@1.96.0 with /opt/arduino-ide/resources/app/lib/backend/plugin-vscode-init)
2026-01-11 14:00:11 2026-01-11T10:00:11.293Z root INFO [hosted-plugin: 41940] PLUGIN_HOST(41940): initializing(vscode-language-pack-fr@1.96.0 with /opt/arduino-ide/resources/app/lib/backend/plugin-vscode-init)
2026-01-11 14:00:11 2026-01-11T10:00:11.295Z root INFO [hosted-plugin: 41940] PLUGIN_HOST(41940): initializing(vscode-language-pack-hu@1.48.3 with /opt/arduino-ide/resources/app/lib/backend/plugin-vscode-init)
2026-01-11 14:00:11 2026-01-11T10:00:11.296Z root INFO [hosted-plugin: 41940] PLUGIN_HOST(41940): initializing(vscode-language-pack-it@1.96.0 with /opt/arduino-ide/resources/app/lib/backend/plugin-vscode-init)
2026-01-11 14:00:11 2026-01-11T10:00:11.297Z root INFO [hosted-plugin: 41940] PLUGIN_HOST(41940): initializing(vscode-language-pack-ja@1.96.0 with /opt/arduino-ide/resources/app/lib/backend/plugin-vscode-init)
2026-01-11 14:00:11 2026-01-11T10:00:11.298Z root INFO [hosted-plugin: 41940] PLUGIN_HOST(41940): initializing(vscode-language-pack-ko@1.96.0 with /opt/arduino-ide/resources/app/lib/backend/plugin-vscode-init)
2026-01-11 14:00:11 2026-01-11T10:00:11.299Z root INFO [hosted-plugin: 41940] PLUGIN_HOST(41940): initializing(vscode-language-pack-nl@1.48.3 with /opt/arduino-ide/resources/app/lib/backend/plugin-vscode-init)
2026-01-11 14:00:11 2026-01-11T10:00:11.300Z root INFO [hosted-plugin: 41940] PLUGIN_HOST(41940): initializing(vscode-language-pack-pl@1.96.0 with /opt/arduino-ide/resources/app/lib/backend/plugin-vscode-init)
2026-01-11 14:00:11 2026-01-11T10:00:11.301Z root INFO [hosted-plugin: 41940] PLUGIN_HOST(41940): initializing(vscode-language-pack-pt-BR@1.96.0 with /opt/arduino-ide/resources/app/lib/backend/plugin-vscode-init)
2026-01-11 14:00:11 2026-01-11T10:00:11.302Z root INFO [hosted-plugin: 41940] PLUGIN_HOST(41940): initializing(vscode-language-pack-ru@1.96.0 with /opt/arduino-ide/resources/app/lib/backend/plugin-vscode-init)
2026-01-11 14:00:11 2026-01-11T10:00:11.303Z root INFO [hosted-plugin: 41940] PLUGIN_HOST(41940): initializing(vscode-language-pack-tr@1.96.0 with /opt/arduino-ide/resources/app/lib/backend/plugin-vscode-init)
2026-01-11 14:00:11 2026-01-11T10:00:11.304Z root INFO [hosted-plugin: 41940] PLUGIN_HOST(41940): initializing(vscode-language-pack-uk@1.48.3 with /opt/arduino-ide/resources/app/lib/backend/plugin-vscode-init)
2026-01-11 14:00:11 2026-01-11T10:00:11.305Z root INFO [hosted-plugin: 41940] PLUGIN_HOST(41940): initializing(vscode-language-pack-zh-hans@1.96.0 with /opt/arduino-ide/resources/app/lib/backend/plugin-vscode-init)
2026-01-11 14:00:11 2026-01-11T10:00:11.306Z root INFO [hosted-plugin: 41940] PLUGIN_HOST(41940): initializing(vscode-language-pack-zh-hant@1.96.0 with /opt/arduino-ide/resources/app/lib/backend/plugin-vscode-init)
2026-01-11 14:00:11 2026-01-11T10:00:11.676Z root INFO Frontend application start: 3142.5 ms [Finished 6.101 s after backend start]
2026-01-11 14:00:11 Checking for update
2026-01-11 14:00:11 2026-01-11T10:00:11.732Z root INFO Replace loading indicator with ready workbench UI (animation): 959.6 ms [Finished 5.029 s after frontend start]
2026-01-11 14:00:11 2026-01-11T10:00:11.757Z root INFO Changed application state from 'initialized_layout' to 'ready'.
2026-01-11 14:00:11 2026-01-11T10:00:11.757Z root WARN Linked preference "workbench.colorCustomizations" not found.
2026-01-11 14:00:11 2026-01-11T10:00:11.788Z root INFO [hosted-plugin: 41940] PLUGIN_HOST(41940): PluginManagerExtImpl/loadPlugin(/opt/arduino-ide/resources/app/plugins/vscode-builtin-json-language-features/extension/client/dist/node/jsonClientMain)
2026-01-11 14:00:11 2026-01-11T10:00:11.845Z root INFO core-client-provider [library-index] Downloading index: library_index.tar.bz2

2026-01-11 14:00:11 2026-01-11T10:00:11.846Z root INFO core-client-provider [platform-index] Downloading index: package_index.tar.bz2

2026-01-11 14:00:11 2026-01-11T10:00:11.846Z daemon INFO time="2026-01-11T14:00:11+04:00" level=info msg="Starting download" url="https://downloads.arduino.cc/libraries/library_index.tar.bz2"
time="2026-01-11T14:00:11+04:00" level=info msg="Updating index" url="https://downloads.arduino.cc/packages/package_index.tar.bz2"
time="2026-01-11T14:00:11+04:00" level=info msg="Starting download" url="https://downloads.arduino.cc/packages/package_index.tar.bz2"
2026-01-11 14:00:11 2026-01-11T10:00:11.851Z root INFO [hosted-plugin: 41940] PLUGIN_HOST(41940): PluginManagerExtImpl/loadPlugin(/opt/arduino-ide/resources/app/plugins/vscode-arduino-api/extension/dist/extension.js)
2026-01-11 14:00:11 2026-01-11T10:00:11.861Z root INFO [hosted-plugin: 41940] calling activation function on Arduino IDE API for VS Code extensions
2026-01-11 14:00:11 2026-01-11T10:00:11.994Z root INFO [03a16814-a9c5-430f-83b4-e020849da3be] Starting plugins.
2026-01-11 14:00:12 2026-01-11T10:00:12.048Z root INFO [hosted-plugin: 41940] PLUGIN_HOST(41940): PluginManagerExtImpl/loadPlugin(/opt/arduino-ide/resources/app/plugins/cortex-debug/extension/dist/extension.js)
2026-01-11 14:00:12 2026-01-11T10:00:12.404Z root ERROR ---- !!!SLOW!!! DURATION: search took 647.401 ms. Args: [{"type":"Updatable"}] ----
2026-01-11 14:00:12 2026-01-11T10:00:12.405Z root INFO [hosted-plugin: 41940] Debug configuration provider has been registered: cortex-debug, trigger: 1
calling activation function on Cortex-Debug
GDB server console created
calling activation function on JSON Language Features (built-in)
2026-01-11 14:00:12 2026-01-11T10:00:12.418Z root INFO [03a16814-a9c5-430f-83b4-e020849da3be] Start of 23 plugins: 1833.5 ms [Finished 6.010 s after frontend start]
2026-01-11 14:00:14 Update for version 2.3.7 is not available (latest version: 2.3.7, downgrade is allowed).
2026-01-11 14:00:16 2026-01-11T10:00:16.797Z daemon INFO time="2026-01-11T14:00:16+04:00" level=info msg="Checking signature" index=/home/chriz/.arduino15/package_index.json signatureFile=/home/chriz/.arduino15/package_index.json.sig trusted=true
2026-01-11 14:00:16 2026-01-11T10:00:16.800Z daemon INFO time="2026-01-11T14:00:16+04:00" level=info msg="Loading hardware from: /home/chriz/.arduino15/packages"
2026-01-11 14:00:16 2026-01-11T10:00:16.800Z daemon INFO time="2026-01-11T14:00:16+04:00" level=info msg="Loading package arduino from: /home/chriz/.arduino15/packages/arduino/hardware"
2026-01-11 14:00:16 2026-01-11T10:00:16.804Z daemon INFO time="2026-01-11T14:00:16+04:00" level=info msg="Missing signature file" index=/home/chriz/.arduino15/packages/arduino/hardware/avr/1.8.6/installed.json
2026-01-11 14:00:16 2026-01-11T10:00:16.810Z daemon INFO time="2026-01-11T14:00:16+04:00" level=info msg="Adding monitor tool" protocol=serial tool="builtin:serial-monitor"
time="2026-01-11T14:00:16+04:00" level=info msg="Loaded platform" platform="arduino:avr@1.8.6"
time="2026-01-11T14:00:16+04:00" level=info msg="Checking existence of 'tools' path: /home/chriz/.arduino15/packages/arduino/tools"
time="2026-01-11T14:00:16+04:00" level=info msg="Loading tools from dir: /home/chriz/.arduino15/packages/arduino/tools"
2026-01-11 14:00:16 2026-01-11T10:00:16.810Z daemon INFO time="2026-01-11T14:00:16+04:00" level=info msg="Loaded tool" tool="arduino:arduinoOTA@1.3.0"
time="2026-01-11T14:00:16+04:00" level=info msg="Loaded tool" tool="arduino:avr-gcc@7.3.0-atmel3.6.1-arduino7"
time="2026-01-11T14:00:16+04:00" level=info msg="Loaded tool" tool="arduino:avrdude@6.3.0-arduino17"
time="2026-01-11T14:00:16+04:00" level=info msg="Loading package builtin from: /home/chriz/.arduino15/packages/builtin"
2026-01-11 14:00:16 2026-01-11T10:00:16.811Z daemon INFO time="2026-01-11T14:00:16+04:00" level=info msg="Checking existence of 'tools' path: /home/chriz/.arduino15/packages/builtin/tools"
time="2026-01-11T14:00:16+04:00" level=info msg="Loading tools from dir: /home/chriz/.arduino15/packages/builtin/tools"
2026-01-11 14:00:16 2026-01-11T10:00:16.811Z daemon INFO time="2026-01-11T14:00:16+04:00" level=info msg="Loaded tool" tool="builtin:ctags@5.8-arduino11"
2026-01-11 14:00:16 2026-01-11T10:00:16.811Z daemon INFO time="2026-01-11T14:00:16+04:00" level=info msg="Loaded tool" tool="builtin:dfu-discovery@0.1.2"
2026-01-11 14:00:16 2026-01-11T10:00:16.811Z daemon INFO time="2026-01-11T14:00:16+04:00" level=info msg="Loaded tool" tool="builtin:mdns-discovery@1.0.12"
2026-01-11 14:00:16 2026-01-11T10:00:16.811Z daemon INFO time="2026-01-11T14:00:16+04:00" level=info msg="Loaded tool" tool="builtin:serial-discovery@1.4.3"
2026-01-11 14:00:16 2026-01-11T10:00:16.811Z daemon INFO time="2026-01-11T14:00:16+04:00" level=info msg="Loaded tool" tool="builtin:serial-monitor@0.15.0"
2026-01-11 14:00:16 2026-01-11T10:00:16.816Z daemon INFO time="2026-01-11T14:00:16+04:00" level=info msg="Discovery event channel closed builtin:serial-discovery. Exiting goroutine."
2026-01-11 14:00:16 2026-01-11T10:00:16.816Z daemon INFO time="2026-01-11T14:00:16+04:00" level=info msg="Closed and removed discovery builtin:serial-discovery"
time="2026-01-11T14:00:16+04:00" level=error msg="Stopped decode loop: EOF" discovery="builtin:serial-discovery"
2026-01-11 14:00:16 2026-01-11T10:00:16.817Z discovery-log INFO {"eventType":"remove","port":{"matchingBoardsList":[],"port":{"address":"/dev/ttyUSB0","label":"/dev/ttyUSB0","protocol":"serial","protocolLabel":"Serial Port (USB)","propertiesMap":[],"hardwareId":""}},"error":""}
2026-01-11 14:00:16 2026-01-11T10:00:16.817Z daemon INFO time="2026-01-11T14:00:16+04:00" level=info msg="Discovery event channel closed builtin:mdns-discovery. Exiting goroutine."
2026-01-11 14:00:16 2026-01-11T10:00:16.817Z daemon INFO time="2026-01-11T14:00:16+04:00" level=info msg="Closed and removed discovery builtin:mdns-discovery"
2026-01-11 14:00:16 2026-01-11T10:00:16.817Z daemon INFO time="2026-01-11T14:00:16+04:00" level=error msg="Stopped decode loop: EOF" discovery="builtin:mdns-discovery"
2026-01-11 14:00:16 2026-01-11T10:00:16.823Z discovery-log INFO {"eventType":"add","port":{"matchingBoardsList":[],"port":{"address":"/dev/ttyUSB0","label":"/dev/ttyUSB0","protocol":"serial","protocolLabel":"Serial Port (USB)","propertiesMap":[["pid","0x7523"],["serialNumber",""],["vid","0x1a86"]],"hardwareId":""}},"error":""}
2026-01-11 14:00:16 2026-01-11T10:00:16.825Z daemon INFO time="2026-01-11T14:00:16+04:00" level=info msg="Adding libraries dir" dir=/home/chriz/.arduino15/packages/arduino/hardware/avr/1.8.6/libraries isSingleLibrary=false location=platform
time="2026-01-11T14:00:16+04:00" level=info msg="Loading libraries index file" index=/home/chriz/.arduino15/library_index.json
2026-01-11 14:00:17 2026-01-11T10:00:17.164Z daemon INFO time="2026-01-11T14:00:17+04:00" level=info msg="Adding libraries dir" dir=/home/chriz/.arduino15/libraries isSingleLibrary=false location=ide
time="2026-01-11T14:00:17+04:00" level=info msg="Adding libraries dir" dir=/home/chriz/Arduino/libraries isSingleLibrary=false location=user
2026-01-11 14:00:18 2026-01-11T10:00:18.173Z root INFO creating connection for 2
2026-01-11 14:00:19 2026-01-11T10:00:19.272Z root WARN A command editor.action.toggleStickyScroll is already registered.
2026-01-11 14:00:19 Opening channel for service path '/services/electron-window'.
2026-01-11 14:00:19 Opening channel for service path '/services/ide-updater'.
2026-01-11 14:00:19 2026-01-11T10:00:19.428Z root INFO Start frontend contributions: 352.5 ms [Finished 1.964 s after frontend start]
2026-01-11 14:00:19 2026-01-11T10:00:19.428Z root INFO Changed application state from 'init' to 'started_contributions'.
2026-01-11 14:00:19 2026-01-11T10:00:19.440Z root INFO Changed application state from 'started_contributions' to 'attached_shell'.
2026-01-11 14:00:19 2026-01-11T10:00:19.440Z root INFO >>> Restoring the layout state...
2026-01-11 14:00:19 2026-01-11T10:00:19.501Z root INFO [02e17794-09d7-4cf0-938d-df232408e242] Waiting for backend deployment: 100.4 ms [Finished 2.052 s after frontend start]
2026-01-11 14:00:19 2026-01-11T10:00:19.709Z root INFO <<< Nothing to restore.
2026-01-11 14:00:19 2026-01-11T10:00:19.709Z root INFO Initialize the workbench layout: 202.9 ms [Finished 2.194 s after frontend start]
2026-01-11 14:00:19 2026-01-11T10:00:19.709Z root INFO Changed application state from 'attached_shell' to 'initialized_layout'.
2026-01-11 14:00:20 isTempSketch: true. Input was /tmp/.arduinoIDE-unsaved2026011-41699-wxh6bk.a7j0f/sketch_jan11a
2026-01-11 14:00:20 Ignored marking workspace as a closed sketch. The sketch was detected as temporary. Workspace URI: file:///tmp/.arduinoIDE-unsaved2026011-41699-wxh6bk.a7j0f/sketch_jan11a.
2026-01-11 14:00:20 isTempSketch: true. Input was /tmp/.arduinoIDE-unsaved2026011-41699-wxh6bk.a7j0f/sketch_jan11a
2026-01-11 14:00:20 Ignored marking workspace as a closed sketch. The sketch was detected as temporary. Workspace URI: file:///tmp/.arduinoIDE-unsaved2026011-41699-wxh6bk.a7j0f/sketch_jan11a.
2026-01-11 14:00:20 2026-01-11T10:00:20.199Z root INFO [hosted-plugin: 42484] PLUGIN_HOST(42484) starting instance
[Object: null prototype] {}
2026-01-11 14:00:20 Closing channel on service path '/services/electron-window'.
2026-01-11 14:00:20 Closing channel on service path '/services/ide-updater'.
2026-01-11 14:00:20 2026-01-11T10:00:20.226Z root INFO socked closed
2026-01-11 14:00:20 2026-01-11T10:00:20.226Z root INFO closing connection for 1
2026-01-11 14:00:20 2026-01-11T10:00:20.226Z root INFO Closing channel on service path '/localization-server'.
2026-01-11 14:00:20 2026-01-11T10:00:20.226Z root INFO Closing channel on service path '/os'.
2026-01-11 14:00:20 2026-01-11T10:00:20.226Z root INFO Closing channel on service path '/services/commands'.
2026-01-11 14:00:20 2026-01-11T10:00:20.226Z root INFO Closing channel on service path '/services/keyboard'.
2026-01-11 14:00:20 2026-01-11T10:00:20.226Z root INFO Closing channel on service path '/services/logger'.
2026-01-11 14:00:20 2026-01-11T10:00:20.226Z root INFO Closing channel on service path '/services/messageService'.
2026-01-11 14:00:20 2026-01-11T10:00:20.226Z root INFO Closing channel on service path '/services/ChannelCloseService'.
2026-01-11 14:00:20 2026-01-11T10:00:20.226Z root INFO Closing channel on service path '/services/remote-filesystem'.
2026-01-11 14:00:20 2026-01-11T10:00:20.226Z root INFO Closing channel on service path '/services/envs'.
2026-01-11 14:00:20 2026-01-11T10:00:20.226Z root INFO Closing channel on service path '/services/authentication-service'.
2026-01-11 14:00:20 2026-01-11T10:00:20.226Z root INFO Closing channel on service path '/services/sketches-service'.
2026-01-11 14:00:20 2026-01-11T10:00:20.226Z root INFO Closing channel on service path '/services/config-service'.
2026-01-11 14:00:20 2026-01-11T10:00:20.226Z root INFO Closing channel on service path '/services/workspace'.
2026-01-11 14:00:20 2026-01-11T10:00:20.226Z root INFO Closing channel on service path '/services/notification-service'.
2026-01-11 14:00:20 2026-01-11T10:00:20.226Z root INFO Closing channel on service path '/services/arduino-daemon'.
2026-01-11 14:00:20 2026-01-11T10:00:20.226Z root INFO Closing channel on service path '/services/stopwatch'.
2026-01-11 14:00:20 2026-01-11T10:00:20.226Z root INFO Closing channel on service path '/services/application'.
2026-01-11 14:00:20 2026-01-11T10:00:20.226Z root INFO Closing channel on service path '/services/i18n'.
2026-01-11 14:00:20 2026-01-11T10:00:20.226Z root INFO Closing channel on service path '/services/quickInput'.
2026-01-11 14:00:20 2026-01-11T10:00:20.226Z root INFO Closing channel on service path '/services/debug'.
2026-01-11 14:00:20 2026-01-11T10:00:20.226Z root INFO Closing channel on service path '/services/shell-terminal'.
2026-01-11 14:00:20 2026-01-11T10:00:20.227Z root INFO Closing channel on service path '/services/quickPick'.
2026-01-11 14:00:20 2026-01-11T10:00:20.227Z root INFO Closing channel on service path '/services/task'.
2026-01-11 14:00:20 2026-01-11T10:00:20.227Z root INFO Closing channel on service path '/services/search'.
2026-01-11 14:00:20 2026-01-11T10:00:20.227Z root INFO Closing channel on service path '/services/hostedPlugin'.
2026-01-11 14:00:20 2026-01-11T10:00:20.227Z root INFO Closing channel on service path '/services/plugin-ext'.
2026-01-11 14:00:20 2026-01-11T10:00:20.227Z root INFO Closing channel on service path '/services/plugin-paths'.
2026-01-11 14:00:20 2026-01-11T10:00:20.227Z root INFO Closing channel on service path '/services/cli-preferences'.
2026-01-11 14:00:20 2026-01-11T10:00:20.227Z root INFO Closing channel on service path '/services/boards-service'.
2026-01-11 14:00:20 2026-01-11T10:00:20.227Z root INFO Closing channel on service path '/services/response-service'.
2026-01-11 14:00:20 2026-01-11T10:00:20.227Z root INFO Closing channel on service path '/services/file-system-ext'.
2026-01-11 14:00:20 2026-01-11T10:00:20.227Z root INFO Closing channel on service path '/services/core-service'.
2026-01-11 14:00:20 2026-01-11T10:00:20.227Z root INFO Closing channel on service path '/services/example-service'.
2026-01-11 14:00:20 2026-01-11T10:00:20.227Z root INFO Closing channel on service path '/services/library-service'.
2026-01-11 14:00:20 2026-01-11T10:00:20.227Z root INFO Closing channel on service path '/services/executable-service'.
2026-01-11 14:00:20 2026-01-11T10:00:20.227Z root INFO Closing channel on service path '/services/arduino-firmware-uploader'.
2026-01-11 14:00:20 2026-01-11T10:00:20.227Z root INFO Closing channel on service path '/services/formatter'.
2026-01-11 14:00:20 2026-01-11T10:00:20.227Z root INFO Closing channel on service path '/services/search-in-workspace'.
2026-01-11 14:00:20 2026-01-11T10:00:20.227Z root INFO Closing channel on service path '/services/request-service'.
2026-01-11 14:00:20 2026-01-11T10:00:20.227Z root INFO Closing channel on service path '/services/keyStore'.
2026-01-11 14:00:20 2026-01-11T10:00:20.227Z root INFO Closing channel on service path '/services/languagePackService'.
2026-01-11 14:00:21 2026-01-11T10:00:21.110Z root INFO [02e17794-09d7-4cf0-938d-df232408e242] Sync of 23 plugins: 1556.8 ms [Finished 3.609 s after frontend start]
2026-01-11 14:00:21 2026-01-11T10:00:21.112Z root INFO [02e17794-09d7-4cf0-938d-df232408e242] Loading plugin contributions
2026-01-11 14:00:21 2026-01-11T10:00:21.112Z root INFO [02e17794-09d7-4cf0-938d-df232408e242] Load contributions of 23 plugins: 50.6 ms [Finished 3.660 s after frontend start]
2026-01-11 14:00:21 2026-01-11T10:00:21.157Z root WARN 'cpp' language is remapped from 'source.cpp.embedded.macro' to 'source.cpp' scope
2026-01-11 14:00:21 2026-01-11T10:00:21.157Z root WARN a registered grammar configuration for 'cpp' language is overridden
2026-01-11 14:00:21 2026-01-11T10:00:21.447Z root INFO Frontend application start: 2223.6 ms [Finished 15.864 s after backend start]
2026-01-11 14:00:21 2026-01-11T10:00:21.458Z root INFO Replace loading indicator with ready workbench UI (animation): 1529.6 ms [Finished 3.739 s after frontend start]
2026-01-11 14:00:21 2026-01-11T10:00:21.459Z root INFO Changed application state from 'initialized_layout' to 'ready'.
2026-01-11 14:00:21 2026-01-11T10:00:21.459Z root WARN Linked preference "workbench.colorCustomizations" not found.
2026-01-11 14:00:21 2026-01-11T10:00:21.497Z root INFO Executing startup tasks:
2026-01-11 14:00:21 2026-01-11T10:00:21.498Z root INFO  - 'arduino-use-inherited-boards-config' , args: [{},{}]
2026-01-11 14:00:22 2026-01-11T10:00:22.048Z root ERROR [hosted-plugin: 42484] Conflict in settings file Default: Ignoring cortex-debug.armToolchainPath.linux as cortex-debug.armToolchainPath is null
2026-01-11 14:00:22 2026-01-11T10:00:22.048Z root ERROR [hosted-plugin: 42484] Conflict in settings file Default: Ignoring cortex-debug.armToolchainPath.osx as cortex-debug.armToolchainPath is null
Conflict in settings file Default: Ignoring cortex-debug.armToolchainPath.windows as cortex-debug.armToolchainPath is null
2026-01-11 14:00:22 2026-01-11T10:00:22.049Z root ERROR [hosted-plugin: 42484] Conflict in settings file Default: Ignoring cortex-debug.JLinkGDBServerPath.linux as cortex-debug.JLinkGDBServerPath is null
Conflict in settings file Default: Ignoring cortex-debug.JLinkGDBServerPath.osx as cortex-debug.JLinkGDBServerPath is null
2026-01-11 14:00:22 2026-01-11T10:00:22.049Z root ERROR [hosted-plugin: 42484] Conflict in settings file Default: Ignoring cortex-debug.JLinkGDBServerPath.windows as cortex-debug.JLinkGDBServerPath is null
Conflict in settings file Default: Ignoring cortex-debug.openocdPath.linux as cortex-debug.openocdPath is null
2026-01-11 14:00:22 2026-01-11T10:00:22.049Z root ERROR [hosted-plugin: 42484] Conflict in settings file Default: Ignoring cortex-debug.openocdPath.osx as cortex-debug.openocdPath is null
2026-01-11 14:00:22 2026-01-11T10:00:22.049Z root ERROR [hosted-plugin: 42484] Conflict in settings file Default: Ignoring cortex-debug.openocdPath.windows as cortex-debug.openocdPath is null
2026-01-11 14:00:22 2026-01-11T10:00:22.049Z root ERROR [hosted-plugin: 42484] Conflict in settings file Default: Ignoring cortex-debug.pyocdPath.linux as cortex-debug.pyocdPath is null
2026-01-11 14:00:22 2026-01-11T10:00:22.049Z root ERROR [hosted-plugin: 42484] Conflict in settings file Default: Ignoring cortex-debug.pyocdPath.osx as cortex-debug.pyocdPath is null
Conflict in settings file Default: Ignoring cortex-debug.pyocdPath.windows as cortex-debug.pyocdPath is null
2026-01-11 14:00:22 2026-01-11T10:00:22.049Z root ERROR [hosted-plugin: 42484] Conflict in settings file Default: Ignoring cortex-debug.PEGDBServerPath.linux as cortex-debug.PEGDBServerPath is null
Conflict in settings file Default: Ignoring cortex-debug.PEGDBServerPath.osx as cortex-debug.PEGDBServerPath is null
Conflict in settings file Default: Ignoring cortex-debug.PEGDBServerPath.windows as cortex-debug.PEGDBServerPath is null
2026-01-11 14:00:22 2026-01-11T10:00:22.049Z root ERROR [hosted-plugin: 42484] Conflict in settings file Default: Ignoring cortex-debug.stutilPath.linux as cortex-debug.stutilPath is null
Conflict in settings file Default: Ignoring cortex-debug.stutilPath.osx as cortex-debug.stutilPath is null
Conflict in settings file Default: Ignoring cortex-debug.stutilPath.windows as cortex-debug.stutilPath is null
2026-01-11 14:00:22 2026-01-11T10:00:22.049Z root ERROR [hosted-plugin: 42484] Conflict in settings file Default: Ignoring cortex-debug.stlinkPath.linux as cortex-debug.stlinkPath is null
Conflict in settings file Default: Ignoring cortex-debug.stlinkPath.osx as cortex-debug.stlinkPath is null
Conflict in settings file Default: Ignoring cortex-debug.stlinkPath.windows as cortex-debug.stlinkPath is null
Conflict in settings file Default: Ignoring cortex-debug.stm32cubeprogrammer.linux as cortex-debug.stm32cubeprogrammer is null
2026-01-11 14:00:22 2026-01-11T10:00:22.049Z root ERROR [hosted-plugin: 42484] Conflict in settings file Default: Ignoring cortex-debug.stm32cubeprogrammer.osx as cortex-debug.stm32cubeprogrammer is null
Conflict in settings file Default: Ignoring cortex-debug.stm32cubeprogrammer.windows as cortex-debug.stm32cubeprogrammer is null
2026-01-11 14:00:22 2026-01-11T10:00:22.091Z root INFO [hosted-plugin: 42484] PLUGIN_HOST(42484): PluginManagerExtImpl/init()
2026-01-11 14:00:22 2026-01-11T10:00:22.094Z root INFO [hosted-plugin: 42484] PLUGIN_HOST(42484): initializing(vscode-arduino-api@0.1.2 with /opt/arduino-ide/resources/app/lib/backend/plugin-vscode-init)
2026-01-11 14:00:22 2026-01-11T10:00:22.178Z root INFO [hosted-plugin: 42484] PLUGIN_HOST(42484): initializing(json-language-features@1.88.1 with /opt/arduino-ide/resources/app/lib/backend/plugin-vscode-init)
2026-01-11 14:00:22 2026-01-11T10:00:22.183Z root INFO [hosted-plugin: 42484] PLUGIN_HOST(42484): initializing(cortex-debug@1.5.1 with /opt/arduino-ide/resources/app/lib/backend/plugin-vscode-init)
2026-01-11 14:00:22 2026-01-11T10:00:22.183Z root INFO [hosted-plugin: 42484] Debugger contribution has been registered: cortex-debug
2026-01-11 14:00:22 2026-01-11T10:00:22.185Z root INFO [hosted-plugin: 42484] PLUGIN_HOST(42484): initializing(vscode-arduino-tools@0.1.3 with /opt/arduino-ide/resources/app/lib/backend/plugin-vscode-init)
2026-01-11 14:00:22 2026-01-11T10:00:22.188Z root INFO [hosted-plugin: 42484] PLUGIN_HOST(42484): initializing(cpp@1.88.1 with /opt/arduino-ide/resources/app/lib/backend/plugin-vscode-init)
2026-01-11 14:00:22 2026-01-11T10:00:22.190Z root INFO [hosted-plugin: 42484] PLUGIN_HOST(42484): initializing(json@1.88.1 with /opt/arduino-ide/resources/app/lib/backend/plugin-vscode-init)
2026-01-11 14:00:22 2026-01-11T10:00:22.194Z root INFO [hosted-plugin: 42484] PLUGIN_HOST(42484): initializing(vscode-language-pack-bg@1.48.3 with /opt/arduino-ide/resources/app/lib/backend/plugin-vscode-init)
2026-01-11 14:00:22 2026-01-11T10:00:22.195Z root INFO [hosted-plugin: 42484] PLUGIN_HOST(42484): initializing(vscode-language-pack-cs@1.96.0 with /opt/arduino-ide/resources/app/lib/backend/plugin-vscode-init)
2026-01-11 14:00:22 2026-01-11T10:00:22.196Z root INFO [hosted-plugin: 42484] PLUGIN_HOST(42484): initializing(vscode-language-pack-de@1.96.0 with /opt/arduino-ide/resources/app/lib/backend/plugin-vscode-init)
2026-01-11 14:00:22 2026-01-11T10:00:22.198Z root INFO [hosted-plugin: 42484] PLUGIN_HOST(42484): initializing(vscode-language-pack-es@1.96.0 with /opt/arduino-ide/resources/app/lib/backend/plugin-vscode-init)
2026-01-11 14:00:22 2026-01-11T10:00:22.198Z root INFO [hosted-plugin: 42484] PLUGIN_HOST(42484): initializing(vscode-language-pack-fr@1.96.0 with /opt/arduino-ide/resources/app/lib/backend/plugin-vscode-init)
2026-01-11 14:00:22 2026-01-11T10:00:22.199Z root INFO [hosted-plugin: 42484] PLUGIN_HOST(42484): initializing(vscode-language-pack-hu@1.48.3 with /opt/arduino-ide/resources/app/lib/backend/plugin-vscode-init)
2026-01-11 14:00:22 2026-01-11T10:00:22.200Z root INFO [hosted-plugin: 42484] PLUGIN_HOST(42484): initializing(vscode-language-pack-it@1.96.0 with /opt/arduino-ide/resources/app/lib/backend/plugin-vscode-init)
2026-01-11 14:00:22 2026-01-11T10:00:22.200Z root INFO [hosted-plugin: 42484] PLUGIN_HOST(42484): initializing(vscode-language-pack-ja@1.96.0 with /opt/arduino-ide/resources/app/lib/backend/plugin-vscode-init)
2026-01-11 14:00:22 2026-01-11T10:00:22.201Z root INFO [hosted-plugin: 42484] PLUGIN_HOST(42484): initializing(vscode-language-pack-ko@1.96.0 with /opt/arduino-ide/resources/app/lib/backend/plugin-vscode-init)
2026-01-11 14:00:22 2026-01-11T10:00:22.202Z root INFO [hosted-plugin: 42484] PLUGIN_HOST(42484): initializing(vscode-language-pack-nl@1.48.3 with /opt/arduino-ide/resources/app/lib/backend/plugin-vscode-init)
2026-01-11 14:00:22 2026-01-11T10:00:22.202Z root INFO [hosted-plugin: 42484] PLUGIN_HOST(42484): initializing(vscode-language-pack-pl@1.96.0 with /opt/arduino-ide/resources/app/lib/backend/plugin-vscode-init)
2026-01-11 14:00:22 2026-01-11T10:00:22.203Z root INFO [hosted-plugin: 42484] PLUGIN_HOST(42484): initializing(vscode-language-pack-pt-BR@1.96.0 with /opt/arduino-ide/resources/app/lib/backend/plugin-vscode-init)
2026-01-11 14:00:22 2026-01-11T10:00:22.204Z root INFO [hosted-plugin: 42484] PLUGIN_HOST(42484): initializing(vscode-language-pack-ru@1.96.0 with /opt/arduino-ide/resources/app/lib/backend/plugin-vscode-init)
2026-01-11 14:00:22 2026-01-11T10:00:22.205Z root INFO [hosted-plugin: 42484] PLUGIN_HOST(42484): initializing(vscode-language-pack-tr@1.96.0 with /opt/arduino-ide/resources/app/lib/backend/plugin-vscode-init)
2026-01-11 14:00:22 2026-01-11T10:00:22.205Z root INFO [hosted-plugin: 42484] PLUGIN_HOST(42484): initializing(vscode-language-pack-uk@1.48.3 with /opt/arduino-ide/resources/app/lib/backend/plugin-vscode-init)
2026-01-11 14:00:22 2026-01-11T10:00:22.206Z root INFO [hosted-plugin: 42484] PLUGIN_HOST(42484): initializing(vscode-language-pack-zh-hans@1.96.0 with /opt/arduino-ide/resources/app/lib/backend/plugin-vscode-init)
2026-01-11 14:00:22 2026-01-11T10:00:22.206Z root INFO [hosted-plugin: 42484] PLUGIN_HOST(42484): initializing(vscode-language-pack-zh-hant@1.96.0 with /opt/arduino-ide/resources/app/lib/backend/plugin-vscode-init)
2026-01-11 14:00:22 2026-01-11T10:00:22.264Z root INFO [hosted-plugin: 42484] PLUGIN_HOST(42484): PluginManagerExtImpl/loadPlugin(/opt/arduino-ide/resources/app/plugins/vscode-builtin-json-language-features/extension/client/dist/node/jsonClientMain)
2026-01-11 14:00:22 2026-01-11T10:00:22.337Z root INFO [hosted-plugin: 42484] PLUGIN_HOST(42484): PluginManagerExtImpl/loadPlugin(/opt/arduino-ide/resources/app/plugins/vscode-arduino-api/extension/dist/extension.js)
2026-01-11 14:00:22 2026-01-11T10:00:22.340Z root INFO [hosted-plugin: 42484] calling activation function on Arduino IDE API for VS Code extensions
2026-01-11 14:00:22 2026-01-11T10:00:22.345Z root INFO [02e17794-09d7-4cf0-938d-df232408e242] Starting plugins.
2026-01-11 14:00:22 2026-01-11T10:00:22.382Z root INFO [hosted-plugin: 42484] PLUGIN_HOST(42484): PluginManagerExtImpl/loadPlugin(/opt/arduino-ide/resources/app/plugins/cortex-debug/extension/dist/extension.js)
2026-01-11 14:00:22 2026-01-11T10:00:22.414Z root INFO [hosted-plugin: 42484] Debug configuration provider has been registered: cortex-debug, trigger: 1
2026-01-11 14:00:22 2026-01-11T10:00:22.415Z root INFO [hosted-plugin: 42484] calling activation function on Cortex-Debug
2026-01-11 14:00:22 2026-01-11T10:00:22.417Z root INFO [hosted-plugin: 42484] GDB server console created
2026-01-11 14:00:22 2026-01-11T10:00:22.425Z root INFO [02e17794-09d7-4cf0-938d-df232408e242] Start of 23 plugins: 1299.9 ms [Finished 4.976 s after frontend start]
2026-01-11 14:00:22 2026-01-11T10:00:22.579Z root INFO [hosted-plugin: 42484] calling activation function on JSON Language Features (built-in)
2026-01-11 14:00:33 2026-01-11T10:00:33.480Z root INFO Starting language server: arduino:avr:uno
2026-01-11 14:00:33 2026-01-11T10:00:33.485Z root ERROR Failed to get debug config: arduino:avr:uno, undefined Error: Debugging is not supported.
    at Object.callback (/opt/arduino-ide/resources/app/lib/backend/main.js:2:4742300)
    at Object.onReceiveStatus (/opt/arduino-ide/resources/app/lib/backend/main.js:2:3778020)
    at Object.onReceiveStatus (/opt/arduino-ide/resources/app/lib/backend/main.js:2:2211941)
    at Object.onReceiveStatus (/opt/arduino-ide/resources/app/lib/backend/main.js:2:2211386)
    at /opt/arduino-ide/resources/app/lib/backend/main.js:2:4348117
    at process.processTicksAndRejections (node:internal/process/task_queues:77:11)
2026-01-11 14:00:33 2026-01-11T10:00:33.486Z daemon INFO time="2026-01-11T14:00:33+04:00" level=info msg="Tool required for debug" tool="arduino:arduinoOTA@1.3.0"
time="2026-01-11T14:00:33+04:00" level=info msg="Tool required for debug" tool="arduino:avr-gcc@7.3.0-atmel3.6.1-arduino7"
time="2026-01-11T14:00:33+04:00" level=info msg="Tool required for debug" tool="arduino:avrdude@6.3.0-arduino17"
time="2026-01-11T14:00:33+04:00" level=info msg="Tool required for debug" tool="builtin:serial-monitor@0.15.0"
time="2026-01-11T14:00:33+04:00" level=info msg="Tool required for debug" tool="builtin:ctags@5.8-arduino11"
time="2026-01-11T14:00:33+04:00" level=info msg="Tool required for debug" tool="builtin:dfu-discovery@0.1.2"
time="2026-01-11T14:00:33+04:00" level=info msg="Tool required for debug" tool="builtin:mdns-discovery@1.0.12"
time="2026-01-11T14:00:33+04:00" level=info msg="Tool required for debug" tool="builtin:serial-discovery@1.4.3"
2026-01-11 14:00:33 2026-01-11T10:00:33.553Z root INFO [hosted-plugin: 42484] PLUGIN_HOST(42484): PluginManagerExtImpl/loadPlugin(/opt/arduino-ide/resources/app/plugins/vscode-arduino-tools/extension/dist/extension.js)
2026-01-11 14:00:33 2026-01-11T10:00:33.597Z root INFO [hosted-plugin: 42484] calling activation function on VS Code Arduino Tools
2026-01-11 14:00:33 2026-01-11T10:00:33.661Z daemon INFO time="2026-01-11T14:00:33+04:00" level=info msg="Adding libraries dir" dir=/home/chriz/.arduino15/libraries isSingleLibrary=false location=ide
time="2026-01-11T14:00:33+04:00" level=info msg="Adding libraries dir" dir=/home/chriz/.arduino15/packages/arduino/hardware/avr/1.8.6/libraries isSingleLibrary=false location=platform
time="2026-01-11T14:00:33+04:00" level=info msg="Adding libraries dir" dir=/home/chriz/Arduino/libraries isSingleLibrary=false location=user
2026-01-11 14:00:33 2026-01-11T10:00:33.772Z daemon INFO time="2026-01-11T14:00:33+04:00" level=info msg="Resolving include grbl.h for arch avr"
time="2026-01-11T14:00:33+04:00" level=info msg="  found better lib" lib=grbl prio=6A7
2026-01-11 14:00:34 2026-01-11T10:00:34.138Z daemon INFO time="2026-01-11T14:00:34+04:00" level=info msg="Adding libraries dir" dir=/home/chriz/.arduino15/libraries isSingleLibrary=false location=ide
time="2026-01-11T14:00:34+04:00" level=info msg="Adding libraries dir" dir=/home/chriz/.arduino15/packages/arduino/hardware/avr/1.8.6/libraries isSingleLibrary=false location=platform
time="2026-01-11T14:00:34+04:00" level=info msg="Adding libraries dir" dir=/home/chriz/Arduino/libraries isSingleLibrary=false location=user
2026-01-11 14:00:35 2026-01-11T10:00:35.420Z daemon INFO time="2026-01-11T14:00:35+04:00" level=info msg="Adding libraries dir" dir=/home/chriz/.arduino15/libraries isSingleLibrary=false location=ide
time="2026-01-11T14:00:35+04:00" level=info msg="Adding libraries dir" dir=/home/chriz/.arduino15/packages/arduino/hardware/avr/1.8.6/libraries isSingleLibrary=false location=platform
time="2026-01-11T14:00:35+04:00" level=info msg="Adding libraries dir" dir=/home/chriz/Arduino/libraries isSingleLibrary=false location=user
2026-01-11 14:00:35 2026-01-11T10:00:35.463Z daemon INFO time="2026-01-11T14:00:35+04:00" level=info msg="Resolving include grbl.h for arch avr"
time="2026-01-11T14:00:35+04:00" level=info msg="  found better lib" lib=grbl prio=6A7
2026-01-11 14:00:36 2026-01-11T10:00:36.926Z root INFO Executing 'arduino.languageserver.notifyBuildDidComplete' with "file:///home/chriz/.cache/arduino/sketches/51D501FC57682FF4EDA777FAD9945DF7"
2026-01-11 14:00:36 2026-01-11T10:00:36.952Z daemon INFO time="2026-01-11T14:00:36+04:00" level=info msg="Tool required for debug" tool="arduino:arduinoOTA@1.3.0"
time="2026-01-11T14:00:36+04:00" level=info msg="Tool required for debug" tool="arduino:avr-gcc@7.3.0-atmel3.6.1-arduino7"
time="2026-01-11T14:00:36+04:00" level=info msg="Tool required for debug" tool="arduino:avrdude@6.3.0-arduino17"
2026-01-11 14:00:36 2026-01-11T10:00:36.952Z daemon INFO time="2026-01-11T14:00:36+04:00" level=info msg="Tool required for debug" tool="builtin:ctags@5.8-arduino11"
time="2026-01-11T14:00:36+04:00" level=info msg="Tool required for debug" tool="builtin:dfu-discovery@0.1.2"
time="2026-01-11T14:00:36+04:00" level=info msg="Tool required for debug" tool="builtin:mdns-discovery@1.0.12"
time="2026-01-11T14:00:36+04:00" level=info msg="Tool required for debug" tool="builtin:serial-discovery@1.4.3"
time="2026-01-11T14:00:36+04:00" level=info msg="Tool required for debug" tool="builtin:serial-monitor@0.15.0"
2026-01-11 14:00:36 2026-01-11T10:00:36.953Z root ERROR Failed to get debug config: arduino:avr:uno, undefined Error: Debugging is not supported.
    at Object.callback (/opt/arduino-ide/resources/app/lib/backend/main.js:2:4742300)
    at Object.onReceiveStatus (/opt/arduino-ide/resources/app/lib/backend/main.js:2:3778020)
    at Object.onReceiveStatus (/opt/arduino-ide/resources/app/lib/backend/main.js:2:2211941)
    at Object.onReceiveStatus (/opt/arduino-ide/resources/app/lib/backend/main.js:2:2211386)
    at /opt/arduino-ide/resources/app/lib/backend/main.js:2:4348117
    at process.processTicksAndRejections (node:internal/process/task_queues:77:11)
2026-01-11 14:00:37 2026-01-11T10:00:37.941Z daemon INFO time="2026-01-11T14:00:37+04:00" level=info msg="Adding libraries dir" dir=/home/chriz/.arduino15/libraries isSingleLibrary=false location=ide
time="2026-01-11T14:00:37+04:00" level=info msg="Adding libraries dir" dir=/home/chriz/.arduino15/packages/arduino/hardware/avr/1.8.6/libraries isSingleLibrary=false location=platform
time="2026-01-11T14:00:37+04:00" level=info msg="Adding libraries dir" dir=/home/chriz/Arduino/libraries isSingleLibrary=false location=user
2026-01-11 14:00:44 2026-01-11T10:00:44.007Z root INFO Received port after upload [arduino+serial:///dev/ttyUSB0, arduino:avr:uno, grblUpload]. Before port: {"address":"/dev/ttyUSB0","addressLabel":"/dev/ttyUSB0","protocol":"serial","protocolLabel":"Serial Port (USB)","properties":{"pid":"0x7523","serialNumber":"","vid":"0x1a86"}}, after port: {"address":"/dev/ttyUSB0","addressLabel":"/dev/ttyUSB0","protocol":"serial","protocolLabel":"Serial Port (USB)","properties":{"pid":"0x7523","serialNumber":"","vid":"0x1a86"}}
2026-01-11 14:00:55 isTempSketch: true. Input was /tmp/.arduinoIDE-unsaved2026011-41699-1xzcnpk.hnub/grblUpload
2026-01-11 14:00:55 Ignored marking workspace as a closed sketch. The sketch was detected as temporary. Workspace URI: file:///tmp/.arduinoIDE-unsaved2026011-41699-1xzcnpk.hnub/grblUpload.
2026-01-11 14:00:55 isTempSketch: true. Input was /tmp/.arduinoIDE-unsaved2026011-41699-1xzcnpk.hnub/grblUpload
2026-01-11 14:00:55 Ignored marking workspace as a closed sketch. The sketch was detected as temporary. Workspace URI: file:///tmp/.arduinoIDE-unsaved2026011-41699-1xzcnpk.hnub/grblUpload.
2026-01-11 14:00:55 2026-01-11T10:00:55.358Z root INFO socked closed
2026-01-11 14:00:55 2026-01-11T10:00:55.358Z root INFO closing connection for 2
2026-01-11 14:00:55 2026-01-11T10:00:55.358Z root INFO Closing channel on service path '/localization-server'.
2026-01-11 14:00:55 2026-01-11T10:00:55.358Z root INFO Closing channel on service path '/os'.
2026-01-11 14:00:55 2026-01-11T10:00:55.358Z root INFO Closing channel on service path '/services/commands'.
2026-01-11 14:00:55 2026-01-11T10:00:55.358Z root INFO Closing channel on service path '/services/keyboard'.
2026-01-11 14:00:55 2026-01-11T10:00:55.358Z root INFO Closing channel on service path '/services/logger'.
2026-01-11 14:00:55 2026-01-11T10:00:55.358Z root INFO Closing channel on service path '/services/messageService'.
2026-01-11 14:00:55 2026-01-11T10:00:55.358Z root INFO Closing channel on service path '/services/ChannelCloseService'.
2026-01-11 14:00:55 2026-01-11T10:00:55.358Z root INFO Closing channel on service path '/services/remote-filesystem'.
2026-01-11 14:00:55 2026-01-11T10:00:55.358Z root INFO Closing channel on service path '/services/envs'.
2026-01-11 14:00:55 2026-01-11T10:00:55.358Z root INFO Closing channel on service path '/services/authentication-service'.
2026-01-11 14:00:55 2026-01-11T10:00:55.358Z root INFO Closing channel on service path '/services/sketches-service'.
2026-01-11 14:00:55 2026-01-11T10:00:55.358Z root INFO Closing channel on service path '/services/config-service'.
2026-01-11 14:00:55 2026-01-11T10:00:55.358Z root INFO Closing channel on service path '/services/workspace'.
2026-01-11 14:00:55 2026-01-11T10:00:55.358Z root INFO Closing channel on service path '/services/notification-service'.
2026-01-11 14:00:55 2026-01-11T10:00:55.358Z root INFO Closing channel on service path '/services/arduino-daemon'.
2026-01-11 14:00:55 2026-01-11T10:00:55.358Z root INFO Closing channel on service path '/services/stopwatch'.
2026-01-11 14:00:55 2026-01-11T10:00:55.358Z root INFO Closing channel on service path '/services/application'.
2026-01-11 14:00:55 2026-01-11T10:00:55.358Z root INFO Closing channel on service path '/services/i18n'.
2026-01-11 14:00:55 2026-01-11T10:00:55.358Z root INFO Closing channel on service path '/services/quickInput'.
2026-01-11 14:00:55 2026-01-11T10:00:55.358Z root INFO Closing channel on service path '/services/debug'.
2026-01-11 14:00:55 2026-01-11T10:00:55.358Z root INFO Closing channel on service path '/services/shell-terminal'.
2026-01-11 14:00:55 2026-01-11T10:00:55.358Z root INFO Closing channel on service path '/services/quickPick'.
2026-01-11 14:00:55 2026-01-11T10:00:55.358Z root INFO Closing channel on service path '/services/task'.
2026-01-11 14:00:55 2026-01-11T10:00:55.358Z root INFO Closing channel on service path '/services/search'.
2026-01-11 14:00:55 2026-01-11T10:00:55.358Z root INFO Closing channel on service path '/services/hostedPlugin'.
2026-01-11 14:00:55 2026-01-11T10:00:55.359Z root INFO Closing channel on service path '/services/plugin-ext'.
2026-01-11 14:00:55 2026-01-11T10:00:55.359Z root INFO Closing channel on service path '/services/plugin-paths'.
2026-01-11 14:00:55 2026-01-11T10:00:55.359Z root INFO Closing channel on service path '/services/cli-preferences'.
2026-01-11 14:00:55 2026-01-11T10:00:55.359Z root INFO Closing channel on service path '/services/boards-service'.
2026-01-11 14:00:55 2026-01-11T10:00:55.359Z root INFO Closing channel on service path '/services/response-service'.
2026-01-11 14:00:55 2026-01-11T10:00:55.359Z root INFO Closing channel on service path '/services/file-system-ext'.
2026-01-11 14:00:55 2026-01-11T10:00:55.359Z root INFO Closing channel on service path '/services/core-service'.
2026-01-11 14:00:55 2026-01-11T10:00:55.359Z root INFO Closing channel on service path '/services/example-service'.
2026-01-11 14:00:55 2026-01-11T10:00:55.359Z root INFO Closing channel on service path '/services/library-service'.
2026-01-11 14:00:55 2026-01-11T10:00:55.359Z root INFO Closing channel on service path '/services/executable-service'.
2026-01-11 14:00:55 2026-01-11T10:00:55.359Z root INFO Closing channel on service path '/services/arduino-firmware-uploader'.
2026-01-11 14:00:55 2026-01-11T10:00:55.359Z root INFO Closing channel on service path '/services/formatter'.
2026-01-11 14:00:55 2026-01-11T10:00:55.359Z root INFO Closing channel on service path '/services/search-in-workspace'.
2026-01-11 14:00:55 2026-01-11T10:00:55.359Z root INFO Closing channel on service path '/services/request-service'.
2026-01-11 14:00:55 2026-01-11T10:00:55.359Z root INFO Closing channel on service path '/services/keyStore'.
2026-01-11 14:00:55 2026-01-11T10:00:55.359Z root INFO Closing channel on service path '/services/languagePackService'.
2026-01-11 14:00:55 Closing channel on service path '/services/electron-window'.
2026-01-11 14:00:55 Closing channel on service path '/services/ide-updater'.
2026-01-11 14:00:55 Stored workspaces roots: 
2026-01-11 14:00:55 No sketches were scheduled for deletion.
