2026-01-14 11:01:08 Arduino IDE 2.3.7
2026-01-14 11:01:08 Checking for frontend application configuration customizations. Module path: /opt/arduino-ide/resources/app/lib/backend/electron-main.js, destination 'package.json': /opt/arduino-ide/resources/app/package.json
2026-01-14 11:01:08 Setting 'theia.frontend.config.appVersion' application configuration value to: "2.3.7" (type of string)
2026-01-14 11:01:08 Setting 'theia.frontend.config.cliVersion' application configuration value to: "1.3.1" (type of string)
2026-01-14 11:01:08 Setting 'theia.frontend.config.buildDate' application configuration value to: "2025-12-17T16:01:58.874Z" (type of string)
2026-01-14 11:01:08 Frontend application configuration after modifications: {"applicationName":"Arduino IDE","defaultTheme":{"light":"arduino-theme","dark":"arduino-theme-dark"},"defaultIconTheme":"none","electron":{"windowOptions":{},"showWindowEarly":true,"splashScreenOptions":{},"uriScheme":"arduino-ide"},"defaultLocale":"","validatePreferencesSchema":false,"reloadOnReconnect":true,"uriScheme":"theia","preferences":{"window.title":"${rootName}${activeEditorShort}${appName}","files.autoSave":"afterDelay","editor.minimap.enabled":false,"editor.tabSize":2,"editor.scrollBeyondLastLine":false,"editor.quickSuggestions":{"other":false,"comments":false,"strings":false},"editor.maxTokenizationLineLength":500,"editor.bracketPairColorization.enabled":false,"breadcrumbs.enabled":false,"workbench.tree.renderIndentGuides":"none","explorer.compactFolders":false},"appVersion":"2.3.7","cliVersion":"1.3.1","buildDate":"2025-12-17T16:01:58.874Z"}
2026-01-14 11:01:08 Starting backend process. PID: 57780
2026-01-14 11:01:08 Showing main window early
2026-01-14 11:01:09 Using browser-only version of superagent in non-browser environment
2026-01-14 11:01:09 Configuration directory URI: 'file:///home/chriz/.arduinoIDE'
2026-01-14 11:01:09 Configuring to accept webviews on '^.+\.webview\..+$' hostname.
2026-01-14 11:01:09 2026-01-14T07:01:09.290Z root INFO Backend u.initialize: 43.8 ms [Finished 0.814 s after backend start]
2026-01-14 11:01:09 2026-01-14T07:01:09.290Z root INFO Backend Object.initialize: 41.7 ms [Finished 0.814 s after backend start]
2026-01-14 11:01:09 2026-01-14T07:01:09.290Z root INFO Backend a.initialize: 1.6 ms [Finished 0.814 s after backend start]
2026-01-14 11:01:09 2026-01-14T07:01:09.290Z root INFO Backend a.initialize: 1.2 ms [Finished 0.814 s after backend start]
2026-01-14 11:01:09 2026-01-14T07:01:09.290Z root INFO Backend u.initialize: 1.6 ms [Finished 0.814 s after backend start]
2026-01-14 11:01:09 2026-01-14T07:01:09.293Z root INFO Backend l.initialize: 43.6 ms [Finished 0.816 s after backend start]
2026-01-14 11:01:09 2026-01-14T07:01:09.302Z root INFO configured all backend app contributions
2026-01-14 11:01:09 2026-01-14T07:01:09.303Z root INFO Backend l.onStart: 1.7 ms [Finished 0.829 s after backend start]
2026-01-14 11:01:09 2026-01-14T07:01:09.303Z root INFO Backend d.onStart: 0.2 ms [Finished 0.829 s after backend start]
2026-01-14 11:01:09 2026-01-14T07:01:09.304Z root INFO Backend a.onStart: 0.4 ms [Finished 0.829 s after backend start]
2026-01-14 11:01:09 2026-01-14T07:01:09.304Z config INFO >>> Initializing CLI configuration...
2026-01-14 11:01:09 2026-01-14T07:01:09.305Z root INFO Backend x.onStart: 0.4 ms [Finished 0.830 s after backend start]
2026-01-14 11:01:09 2026-01-14T07:01:09.305Z config INFO Loading CLI configuration from /home/chriz/.arduinoIDE/arduino-cli.yaml...
2026-01-14 11:01:09 2026-01-14T07:01:09.305Z daemon INFO Starting daemon from /opt/arduino-ide/resources/app/lib/backend/resources/arduino-cli...
2026-01-14 11:01:09 2026-01-14T07:01:09.305Z root INFO Backend w.onStart: 0.5 ms [Finished 0.830 s after backend start]
2026-01-14 11:01:09 2026-01-14T07:01:09.305Z discovery-log INFO start
2026-01-14 11:01:09 2026-01-14T07:01:09.305Z discovery-log INFO start new deferred
2026-01-14 11:01:09 2026-01-14T07:01:09.305Z root INFO Backend v.onStart: 0.3 ms [Finished 0.831 s after backend start]
2026-01-14 11:01:09 2026-01-14T07:01:09.305Z root INFO Backend a.onStart: 0.1 ms [Finished 0.831 s after backend start]
2026-01-14 11:01:09 2026-01-14T07:01:09.310Z root INFO Theia app listening on http://127.0.0.1:45385.
2026-01-14 11:01:09 2026-01-14T07:01:09.310Z root INFO Finished starting backend application: 5.3 ms [Finished 0.836 s after backend start]
2026-01-14 11:01:09 2026-01-14T07:01:09.311Z root WARN The local plugin referenced by local-dir:/home/chriz/.arduinoIDE/plugins does not exist.
2026-01-14 11:01:09 2026-01-14T07:01:09.311Z root WARN The local plugin referenced by local-dir:/home/chriz/.arduinoIDE/deployedPlugins does not exist.
2026-01-14 11:01:09 2026-01-14T07:01:09.353Z config INFO Loaded CLI configuration: {"board_manager":{"additional_urls":[]}}
2026-01-14 11:01:09 2026-01-14T07:01:09.353Z config INFO Loading fallback CLI configuration to get 'directories.data' and 'directories.user'
2026-01-14 11:01:09 2026-01-14T07:01:09.405Z daemon INFO time="2026-01-14T11:01:09+04:00" level=info msg="arduino-cli version 1.3.1"
2026-01-14 11:01:09 2026-01-14T07:01:09.419Z daemon INFO time="2026-01-14T11:01:09+04:00" level=info msg="Using config file: /home/chriz/.arduinoIDE/arduino-cli.yaml"
time="2026-01-14T11:01:09+04:00" level=info msg="Executing `arduino-cli daemon`"
Daemon is now listening on 127.0.0.1:46633
{"IP":"127.0.0.1","Port":"46633"}
2026-01-14 11:01:09 2026-01-14T07:01:09.419Z daemon INFO Daemon is running.
2026-01-14 11:01:09 2026-01-14T07:01:09.428Z config INFO Loaded fallback CLI configuration: {"library":{"enable_unsafe_install":true},"directories":{"user":"/home/chriz/Arduino","data":"/home/chriz/.arduino15"}}
2026-01-14 11:01:09 2026-01-14T07:01:09.429Z config INFO Merged CLI configuration with the fallback: {"library":{"enable_unsafe_install":true},"directories":{"user":"/home/chriz/Arduino","data":"/home/chriz/.arduino15"},"board_manager":{"additional_urls":[]}}
2026-01-14 11:01:09 2026-01-14T07:01:09.429Z config INFO Loaded the CLI configuration.
2026-01-14 11:01:09 2026-01-14T07:01:09.442Z config INFO Mapped the CLI configuration: {"dataDirUri":"file:///home/chriz/.arduino15","sketchDirUri":"file:///home/chriz/Arduino","additionalUrls":[],"network":"none","locale":"en"}
2026-01-14 11:01:09 2026-01-14T07:01:09.442Z config INFO Validating the CLI configuration...
2026-01-14 11:01:09 2026-01-14T07:01:09.450Z config INFO The CLI config is valid.
2026-01-14 11:01:09 2026-01-14T07:01:09.450Z config INFO <<< Initialized the CLI configuration.
2026-01-14 11:01:09 2026-01-14T07:01:09.467Z root INFO Resolve plugins list: 160.9 ms [Finished 0.993 s after backend start]
2026-01-14 11:01:09 2026-01-14T07:01:09.473Z daemon INFO time="2026-01-14T11:01:09+04:00" level=info msg="Checking signature" index=/home/chriz/.arduino15/package_index.json signatureFile=/home/chriz/.arduino15/package_index.json.sig trusted=true
2026-01-14 11:01:09 2026-01-14T07:01:09.475Z daemon INFO time="2026-01-14T11:01:09+04:00" level=info msg="Loading hardware from: /home/chriz/.arduino15/packages"
time="2026-01-14T11:01:09+04:00" level=info msg="Loading package arduino from: /home/chriz/.arduino15/packages/arduino/hardware"
2026-01-14 11:01:09 2026-01-14T07:01:09.478Z daemon INFO time="2026-01-14T11:01:09+04:00" level=info msg="Missing signature file" index=/home/chriz/.arduino15/packages/arduino/hardware/avr/1.8.6/installed.json
2026-01-14 11:01:09 2026-01-14T07:01:09.484Z daemon INFO time="2026-01-14T11:01:09+04:00" level=info msg="Adding monitor tool" protocol=serial tool="builtin:serial-monitor"
time="2026-01-14T11:01:09+04:00" level=info msg="Loaded platform" platform="arduino:avr@1.8.6"
time="2026-01-14T11:01:09+04:00" level=info msg="Checking existence of 'tools' path: /home/chriz/.arduino15/packages/arduino/tools"
time="2026-01-14T11:01:09+04:00" level=info msg="Loading tools from dir: /home/chriz/.arduino15/packages/arduino/tools"
time="2026-01-14T11:01:09+04:00" level=info msg="Loaded tool" tool="arduino:arduinoOTA@1.3.0"
time="2026-01-14T11:01:09+04:00" level=info msg="Loaded tool" tool="arduino:avr-gcc@7.3.0-atmel3.6.1-arduino7"
time="2026-01-14T11:01:09+04:00" level=info msg="Loaded tool" tool="arduino:avrdude@6.3.0-arduino17"
time="2026-01-14T11:01:09+04:00" level=info msg="Loading package builtin from: /home/chriz/.arduino15/packages/builtin"
time="2026-01-14T11:01:09+04:00" level=info msg="Checking existence of 'tools' path: /home/chriz/.arduino15/packages/builtin/tools"
time="2026-01-14T11:01:09+04:00" level=info msg="Loading tools from dir: /home/chriz/.arduino15/packages/builtin/tools"
2026-01-14 11:01:09 2026-01-14T07:01:09.486Z daemon INFO time="2026-01-14T11:01:09+04:00" level=info msg="Loaded tool" tool="builtin:ctags@5.8-arduino11"
2026-01-14 11:01:09 2026-01-14T07:01:09.488Z daemon INFO time="2026-01-14T11:01:09+04:00" level=info msg="Loaded tool" tool="builtin:dfu-discovery@0.1.2"
time="2026-01-14T11:01:09+04:00" level=info msg="Loaded tool" tool="builtin:mdns-discovery@1.0.12"
time="2026-01-14T11:01:09+04:00" level=info msg="Loaded tool" tool="builtin:serial-discovery@1.4.3"
time="2026-01-14T11:01:09+04:00" level=info msg="Loaded tool" tool="builtin:serial-monitor@0.15.0"
2026-01-14 11:01:09 2026-01-14T07:01:09.497Z daemon INFO time="2026-01-14T11:01:09+04:00" level=info msg="Adding libraries dir" dir=/home/chriz/.arduino15/packages/arduino/hardware/avr/1.8.6/libraries isSingleLibrary=false location=platform
time="2026-01-14T11:01:09+04:00" level=info msg="Loading libraries index file" index=/home/chriz/.arduino15/library_index.json
2026-01-14 11:01:09 2026-01-14T07:01:09.994Z daemon INFO time="2026-01-14T11:01:09+04:00" level=info msg="Adding libraries dir" dir=/home/chriz/.arduino15/libraries isSingleLibrary=false location=ide
time="2026-01-14T11:01:09+04:00" level=info msg="Adding libraries dir" dir=/home/chriz/Arduino/libraries isSingleLibrary=false location=user
2026-01-14 11:01:10 2026-01-14T07:01:10.021Z discovery-log INFO start resolved watching
2026-01-14 11:01:10 2026-01-14T07:01:10.090Z root INFO Deploy plugins list: 784.4 ms [Finished 1.617 s after backend start]
2026-01-14 11:01:10 2026-01-14T07:01:10.336Z root INFO creating connection for 1
2026-01-14 11:01:10 2026-01-14T07:01:10.938Z discovery-log INFO {"eventType":"add","port":{"matchingBoardsList":[],"port":{"address":"/dev/ttyUSB0","label":"/dev/ttyUSB0","protocol":"serial","protocolLabel":"Serial Port (USB)","propertiesMap":[["pid","0x7523"],["serialNumber",""],["vid","0x1a86"]],"hardwareId":""}},"error":""}
2026-01-14 11:01:11 2026-01-14T07:01:11.500Z root WARN Frontend a.configure took longer than the expected maximum 100 milliseconds: 119.3 ms [Finished 2.179 s after frontend start]
2026-01-14 11:01:11 2026-01-14T07:01:11.541Z root WARN A command editor.action.toggleStickyScroll is already registered.
2026-01-14 11:01:11 Opening channel for service path '/services/electron-window'.
2026-01-14 11:01:11 Opening channel for service path '/services/ide-updater'.
2026-01-14 11:01:11 2026-01-14T07:01:11.699Z root INFO Start frontend contributions: 405.7 ms [Finished 2.356 s after frontend start]
2026-01-14 11:01:11 2026-01-14T07:01:11.699Z root INFO Changed application state from 'init' to 'started_contributions'.
2026-01-14 11:01:11 2026-01-14T07:01:11.710Z root INFO Changed application state from 'started_contributions' to 'attached_shell'.
2026-01-14 11:01:11 2026-01-14T07:01:11.710Z root INFO >>> Restoring the layout state...
2026-01-14 11:01:11 2026-01-14T07:01:11.798Z root INFO [afa7c24c-ccbb-4c51-8b0b-6bc0ee704624] Waiting for backend deployment: 126.2 ms [Finished 2.474 s after frontend start]
2026-01-14 11:01:12 2026-01-14T07:01:12.534Z root INFO [hosted-plugin: 58042] PLUGIN_HOST(58042) starting instance
[Object: null prototype] {}
2026-01-14 11:01:13 2026-01-14T07:01:13.359Z root INFO [afa7c24c-ccbb-4c51-8b0b-6bc0ee704624] Sync of 23 plugins: 1563.9 ms [Finished 4.038 s after frontend start]
2026-01-14 11:01:13 2026-01-14T07:01:13.377Z root INFO <<< Nothing to restore.
2026-01-14 11:01:13 2026-01-14T07:01:13.476Z root INFO Initialize the workbench layout: 1698.2 ms [Finished 4.088 s after frontend start]
2026-01-14 11:01:13 2026-01-14T07:01:13.479Z root INFO Changed application state from 'attached_shell' to 'initialized_layout'.
2026-01-14 11:01:13 2026-01-14T07:01:13.480Z root INFO [afa7c24c-ccbb-4c51-8b0b-6bc0ee704624] Loading plugin contributions
2026-01-14 11:01:13 2026-01-14T07:01:13.480Z root INFO [afa7c24c-ccbb-4c51-8b0b-6bc0ee704624] Load contributions of 23 plugins: 55.7 ms [Finished 4.154 s after frontend start]
2026-01-14 11:01:13 2026-01-14T07:01:13.545Z root WARN 'cpp' language is remapped from 'source.cpp.embedded.macro' to 'source.cpp' scope
2026-01-14 11:01:13 2026-01-14T07:01:13.545Z root WARN a registered grammar configuration for 'cpp' language is overridden
2026-01-14 11:01:14 isTempSketch: true. Input was /tmp/.arduinoIDE-unsaved2026014-57780-uto0yb.4if3/sketch_jan14a
2026-01-14 11:01:14 Ignored marking workspace as a closed sketch. The sketch was detected as temporary. Workspace URI: file:///tmp/.arduinoIDE-unsaved2026014-57780-uto0yb.4if3/sketch_jan14a.
2026-01-14 11:01:14 Closing channel on service path '/services/electron-window'.
2026-01-14 11:01:14 Closing channel on service path '/services/ide-updater'.
2026-01-14 11:01:14 Stored workspaces roots: 
2026-01-14 11:01:14 No sketches were scheduled for deletion.
2026-01-14 11:01:14 2026-01-14T07:01:14.184Z root ERROR [hosted-plugin: 58042] Conflict in settings file Default: Ignoring cortex-debug.armToolchainPath.linux as cortex-debug.armToolchainPath is null
2026-01-14 11:01:14 2026-01-14T07:01:14.184Z root ERROR [hosted-plugin: 58042] Conflict in settings file Default: Ignoring cortex-debug.armToolchainPath.osx as cortex-debug.armToolchainPath is null
Conflict in settings file Default: Ignoring cortex-debug.armToolchainPath.windows as cortex-debug.armToolchainPath is null
Conflict in settings file Default: Ignoring cortex-debug.JLinkGDBServerPath.linux as cortex-debug.JLinkGDBServerPath is null
Conflict in settings file Default: Ignoring cortex-debug.JLinkGDBServerPath.osx as cortex-debug.JLinkGDBServerPath is null
Conflict in settings file Default: Ignoring cortex-debug.JLinkGDBServerPath.windows as cortex-debug.JLinkGDBServerPath is null
Conflict in settings file Default: Ignoring cortex-debug.openocdPath.linux as cortex-debug.openocdPath is null
2026-01-14 11:01:14 2026-01-14T07:01:14.184Z root ERROR [hosted-plugin: 58042] Conflict in settings file Default: Ignoring cortex-debug.openocdPath.osx as cortex-debug.openocdPath is null
2026-01-14 11:01:14 2026-01-14T07:01:14.185Z root ERROR [hosted-plugin: 58042] Conflict in settings file Default: Ignoring cortex-debug.openocdPath.windows as cortex-debug.openocdPath is null
Conflict in settings file Default: Ignoring cortex-debug.pyocdPath.linux as cortex-debug.pyocdPath is null
2026-01-14 11:01:14 2026-01-14T07:01:14.185Z root ERROR [hosted-plugin: 58042] Conflict in settings file Default: Ignoring cortex-debug.pyocdPath.osx as cortex-debug.pyocdPath is null
Conflict in settings file Default: Ignoring cortex-debug.pyocdPath.windows as cortex-debug.pyocdPath is null
2026-01-14 11:01:14 2026-01-14T07:01:14.185Z root ERROR [hosted-plugin: 58042] Conflict in settings file Default: Ignoring cortex-debug.PEGDBServerPath.linux as cortex-debug.PEGDBServerPath is null
Conflict in settings file Default: Ignoring cortex-debug.PEGDBServerPath.osx as cortex-debug.PEGDBServerPath is null
2026-01-14 11:01:14 2026-01-14T07:01:14.185Z root ERROR [hosted-plugin: 58042] Conflict in settings file Default: Ignoring cortex-debug.PEGDBServerPath.windows as cortex-debug.PEGDBServerPath is null
Conflict in settings file Default: Ignoring cortex-debug.stutilPath.linux as cortex-debug.stutilPath is null
Conflict in settings file Default: Ignoring cortex-debug.stutilPath.osx as cortex-debug.stutilPath is null
2026-01-14 11:01:14 2026-01-14T07:01:14.185Z root ERROR [hosted-plugin: 58042] Conflict in settings file Default: Ignoring cortex-debug.stutilPath.windows as cortex-debug.stutilPath is null
2026-01-14 11:01:14 2026-01-14T07:01:14.185Z root ERROR [hosted-plugin: 58042] Conflict in settings file Default: Ignoring cortex-debug.stlinkPath.linux as cortex-debug.stlinkPath is null
2026-01-14 11:01:14 2026-01-14T07:01:14.185Z root ERROR [hosted-plugin: 58042] Conflict in settings file Default: Ignoring cortex-debug.stlinkPath.osx as cortex-debug.stlinkPath is null
Conflict in settings file Default: Ignoring cortex-debug.stlinkPath.windows as cortex-debug.stlinkPath is null
Conflict in settings file Default: Ignoring cortex-debug.stm32cubeprogrammer.linux as cortex-debug.stm32cubeprogrammer is null
2026-01-14 11:01:14 2026-01-14T07:01:14.185Z root ERROR [hosted-plugin: 58042] Conflict in settings file Default: Ignoring cortex-debug.stm32cubeprogrammer.osx as cortex-debug.stm32cubeprogrammer is null
Conflict in settings file Default: Ignoring cortex-debug.stm32cubeprogrammer.windows as cortex-debug.stm32cubeprogrammer is null
2026-01-14 11:01:14 2026-01-14T07:01:14.201Z root INFO [hosted-plugin: 58042] PLUGIN_HOST(58042): PluginManagerExtImpl/init()
2026-01-14 11:01:14 2026-01-14T07:01:14.206Z root INFO [hosted-plugin: 58042] PLUGIN_HOST(58042): initializing(vscode-arduino-api@0.1.2 with /opt/arduino-ide/resources/app/lib/backend/plugin-vscode-init)
