2026-01-23 22:16:28 Arduino IDE 2.3.7
2026-01-23 22:16:28 Checking for frontend application configuration customizations. Module path: /opt/arduino-ide/resources/app/lib/backend/electron-main.js, destination 'package.json': /opt/arduino-ide/resources/app/package.json
2026-01-23 22:16:28 Setting 'theia.frontend.config.appVersion' application configuration value to: "2.3.7" (type of string)
2026-01-23 22:18:39 Arduino IDE 2.3.7
2026-01-23 22:18:39 Checking for frontend application configuration customizations. Module path: /opt/arduino-ide/resources/app/lib/backend/electron-main.js, destination 'package.json': /opt/arduino-ide/resources/app/package.json
2026-01-23 22:18:39 Setting 'theia.frontend.config.appVersion' application configuration value to: "2.3.7" (type of string)
2026-01-23 22:19:53 Arduino IDE 2.3.7
2026-01-23 22:19:53 Checking for frontend application configuration customizations. Module path: /opt/arduino-ide/resources/app/lib/backend/electron-main.js, destination 'package.json': /opt/arduino-ide/resources/app/package.json
2026-01-23 22:19:53 Setting 'theia.frontend.config.appVersion' application configuration value to: "2.3.7" (type of string)
2026-01-23 22:19:53 Setting 'theia.frontend.config.cliVersion' application configuration value to: "1.3.1" (type of string)
2026-01-23 22:19:53 Setting 'theia.frontend.config.buildDate' application configuration value to: "2025-12-17T16:01:58.874Z" (type of string)
2026-01-23 22:19:53 Frontend application configuration after modifications: {"applicationName":"Arduino IDE","defaultTheme":{"light":"arduino-theme","dark":"arduino-theme-dark"},"defaultIconTheme":"none","electron":{"windowOptions":{},"showWindowEarly":true,"splashScreenOptions":{},"uriScheme":"arduino-ide"},"defaultLocale":"","validatePreferencesSchema":false,"reloadOnReconnect":true,"uriScheme":"theia","preferences":{"window.title":"${rootName}${activeEditorShort}${appName}","files.autoSave":"afterDelay","editor.minimap.enabled":false,"editor.tabSize":2,"editor.scrollBeyondLastLine":false,"editor.quickSuggestions":{"other":false,"comments":false,"strings":false},"editor.maxTokenizationLineLength":500,"editor.bracketPairColorization.enabled":false,"breadcrumbs.enabled":false,"workbench.tree.renderIndentGuides":"none","explorer.compactFolders":false},"appVersion":"2.3.7","cliVersion":"1.3.1","buildDate":"2025-12-17T16:01:58.874Z"}
2026-01-23 22:19:53 Starting backend process. PID: 73992
2026-01-23 22:19:53 Showing main window early
2026-01-23 22:19:54 Using browser-only version of superagent in non-browser environment
2026-01-23 22:19:54 Configuration directory URI: 'file:///home/chriz/.arduinoIDE'
2026-01-23 22:19:54 Configuring to accept webviews on '^.+\.webview\..+$' hostname.
2026-01-23 22:19:54 2026-01-23T18:19:54.168Z root INFO Backend u.initialize: 43.7 ms [Finished 0.790 s after backend start]
2026-01-23 22:19:54 2026-01-23T18:19:54.169Z root INFO Backend Object.initialize: 39.3 ms [Finished 0.790 s after backend start]
2026-01-23 22:19:54 2026-01-23T18:19:54.169Z root INFO Backend a.initialize: 1.5 ms [Finished 0.790 s after backend start]
2026-01-23 22:19:54 2026-01-23T18:19:54.169Z root INFO Backend a.initialize: 1.1 ms [Finished 0.790 s after backend start]
2026-01-23 22:19:54 2026-01-23T18:19:54.169Z root INFO Backend u.initialize: 1.5 ms [Finished 0.791 s after backend start]
2026-01-23 22:19:54 2026-01-23T18:19:54.172Z root INFO Backend l.initialize: 40.9 ms [Finished 0.792 s after backend start]
2026-01-23 22:19:54 2026-01-23T18:19:54.180Z root INFO configured all backend app contributions
2026-01-23 22:19:54 2026-01-23T18:19:54.181Z root INFO Backend l.onStart: 1.6 ms [Finished 0.805 s after backend start]
2026-01-23 22:19:54 2026-01-23T18:19:54.182Z root INFO Backend d.onStart: 0.1 ms [Finished 0.805 s after backend start]
2026-01-23 22:19:54 2026-01-23T18:19:54.182Z root INFO Backend a.onStart: 0.4 ms [Finished 0.805 s after backend start]
2026-01-23 22:19:54 2026-01-23T18:19:54.183Z config INFO >>> Initializing CLI configuration...
2026-01-23 22:19:54 2026-01-23T18:19:54.183Z root INFO Backend x.onStart: 0.4 ms [Finished 0.806 s after backend start]
2026-01-23 22:19:54 2026-01-23T18:19:54.183Z config INFO Loading CLI configuration from /home/chriz/.arduinoIDE/arduino-cli.yaml...
2026-01-23 22:19:54 2026-01-23T18:19:54.183Z daemon INFO Starting daemon from /opt/arduino-ide/resources/app/lib/backend/resources/arduino-cli...
2026-01-23 22:19:54 2026-01-23T18:19:54.183Z root INFO Backend w.onStart: 0.5 ms [Finished 0.807 s after backend start]
2026-01-23 22:19:54 2026-01-23T18:19:54.183Z discovery-log INFO start
2026-01-23 22:19:54 2026-01-23T18:19:54.183Z discovery-log INFO start new deferred
2026-01-23 22:19:54 2026-01-23T18:19:54.183Z root INFO Backend v.onStart: 0.3 ms [Finished 0.807 s after backend start]
2026-01-23 22:19:54 2026-01-23T18:19:54.183Z root INFO Backend a.onStart: 0.1 ms [Finished 0.807 s after backend start]
2026-01-23 22:19:54 2026-01-23T18:19:54.187Z root INFO Theia app listening on http://127.0.0.1:45541.
2026-01-23 22:19:54 2026-01-23T18:19:54.188Z root INFO Finished starting backend application: 4.6 ms [Finished 0.812 s after backend start]
2026-01-23 22:19:54 2026-01-23T18:19:54.214Z root WARN The local plugin referenced by local-dir:/home/chriz/.arduinoIDE/plugins does not exist.
2026-01-23 22:19:54 2026-01-23T18:19:54.214Z root WARN The local plugin referenced by local-dir:/home/chriz/.arduinoIDE/deployedPlugins does not exist.
2026-01-23 22:19:54 2026-01-23T18:19:54.261Z root INFO Resolve plugins list: 76.3 ms [Finished 0.884 s after backend start]
2026-01-23 22:19:54 2026-01-23T18:19:54.266Z daemon INFO time="2026-01-23T22:19:54+04:00" level=info msg="arduino-cli version 1.3.1"
2026-01-23 22:19:54 2026-01-23T18:19:54.272Z config INFO Loading CLI configuration from /home/chriz/.arduinoIDE/arduino-cli.yaml...
2026-01-23 22:19:54 2026-01-23T18:19:54.284Z daemon INFO time="2026-01-23T22:19:54+04:00" level=info msg="Using config file: /home/chriz/.arduinoIDE/arduino-cli.yaml"
time="2026-01-23T22:19:54+04:00" level=info msg="Executing `arduino-cli daemon`"
Daemon is now listening on 127.0.0.1:43229
{"IP":"127.0.0.1","Port":"43229"}
2026-01-23 22:19:54 2026-01-23T18:19:54.284Z daemon INFO Daemon is running.
2026-01-23 22:19:54 2026-01-23T18:19:54.308Z config INFO Loaded CLI configuration: {"board_manager":{"additional_urls":[]}}
2026-01-23 22:19:54 2026-01-23T18:19:54.308Z config INFO Loading fallback CLI configuration to get 'directories.data' and 'directories.user'
2026-01-23 22:19:54 2026-01-23T18:19:54.331Z config ERROR Failed to initialize the CLI configuration. SyntaxError: Unexpected end of JSON input
    at JSON.parse (<anonymous>)
    at x.getFallbackCliConfig (/opt/arduino-ide/resources/app/lib/backend/main.js:2:1050305)
    at process.processTicksAndRejections (node:internal/process/task_queues:95:5)
    at async x.loadCliConfig (/opt/arduino-ide/resources/app/lib/backend/main.js:2:1049720)
    at async x.initConfig (/opt/arduino-ide/resources/app/lib/backend/main.js:2:1048169)
2026-01-23 22:19:54 2026-01-23T18:19:54.333Z daemon INFO time="2026-01-23T22:19:54+04:00" level=info msg="Starting download" url="https://downloads.arduino.cc/libraries/library_index.tar.bz2"
2026-01-23 22:19:54 2026-01-23T18:19:54.881Z root INFO Deploy plugins list: 697.5 ms [Finished 1.505 s after backend start]
2026-01-23 22:19:55 2026-01-23T18:19:55.132Z root INFO creating connection for 1
2026-01-23 22:19:56 2026-01-23T18:19:56.298Z root WARN Frontend a.configure took longer than the expected maximum 100 milliseconds: 106.9 ms [Finished 2.098 s after frontend start]
2026-01-23 22:19:56 2026-01-23T18:19:56.338Z root WARN A command editor.action.toggleStickyScroll is already registered.
2026-01-23 22:19:56 Opening channel for service path '/services/electron-window'.
2026-01-23 22:19:56 Opening channel for service path '/services/ide-updater'.
2026-01-23 22:19:56 2026-01-23T18:19:56.491Z root INFO Start frontend contributions: 377.5 ms [Finished 2.271 s after frontend start]
2026-01-23 22:19:56 2026-01-23T18:19:56.491Z root INFO Changed application state from 'init' to 'started_contributions'.
2026-01-23 22:19:56 2026-01-23T18:19:56.505Z root INFO Changed application state from 'started_contributions' to 'attached_shell'.
2026-01-23 22:19:56 2026-01-23T18:19:56.505Z root INFO >>> Restoring the layout state...
2026-01-23 22:19:56 2026-01-23T18:19:56.603Z root INFO [6e05eca7-d71a-45b6-beb6-3e79ea8c59f8] Waiting for backend deployment: 127.3 ms [Finished 2.391 s after frontend start]
2026-01-23 22:19:57 2026-01-23T18:19:57.312Z root INFO [hosted-plugin: 74213] PLUGIN_HOST(74213) starting instance
[Object: null prototype] {}
2026-01-23 22:19:58 2026-01-23T18:19:58.164Z root INFO [6e05eca7-d71a-45b6-beb6-3e79ea8c59f8] Sync of 23 plugins: 1573.4 ms [Finished 3.964 s after frontend start]
2026-01-23 22:20:00 2026-01-23T18:20:00.947Z daemon INFO time="2026-01-23T22:20:00+04:00" level=info msg="Updating index" url="https://downloads.arduino.cc/packages/package_index.tar.bz2"
time="2026-01-23T22:20:00+04:00" level=info msg="Starting download" url="https://downloads.arduino.cc/packages/package_index.tar.bz2"
2026-01-23 22:20:01 Closing channel on service path '/services/electron-window'.
2026-01-23 22:20:01 Closing channel on service path '/services/ide-updater'.
2026-01-23 22:20:01 Stored workspaces roots: 
2026-01-23 22:20:01 No sketches were scheduled for deletion.
2026-01-23 22:20:26 Arduino IDE 2.3.7
2026-01-23 22:20:26 Checking for frontend application configuration customizations. Module path: /opt/arduino-ide/resources/app/lib/backend/electron-main.js, destination 'package.json': /opt/arduino-ide/resources/app/package.json
2026-01-23 22:20:26 Setting 'theia.frontend.config.appVersion' application configuration value to: "2.3.7" (type of string)
2026-01-23 22:23:30 Arduino IDE 2.3.7
2026-01-23 22:23:30 Checking for frontend application configuration customizations. Module path: /opt/arduino-ide/resources/app/lib/backend/electron-main.js, destination 'package.json': /opt/arduino-ide/resources/app/package.json
2026-01-23 22:23:30 Setting 'theia.frontend.config.appVersion' application configuration value to: "2.3.7" (type of string)
2026-01-23 22:23:30 Setting 'theia.frontend.config.cliVersion' application configuration value to: "1.3.1" (type of string)
2026-01-23 22:23:30 Setting 'theia.frontend.config.buildDate' application configuration value to: "2025-12-17T16:01:58.874Z" (type of string)
2026-01-23 22:23:30 Frontend application configuration after modifications: {"applicationName":"Arduino IDE","defaultTheme":{"light":"arduino-theme","dark":"arduino-theme-dark"},"defaultIconTheme":"none","electron":{"windowOptions":{},"showWindowEarly":true,"splashScreenOptions":{},"uriScheme":"arduino-ide"},"defaultLocale":"","validatePreferencesSchema":false,"reloadOnReconnect":true,"uriScheme":"theia","preferences":{"window.title":"${rootName}${activeEditorShort}${appName}","files.autoSave":"afterDelay","editor.minimap.enabled":false,"editor.tabSize":2,"editor.scrollBeyondLastLine":false,"editor.quickSuggestions":{"other":false,"comments":false,"strings":false},"editor.maxTokenizationLineLength":500,"editor.bracketPairColorization.enabled":false,"breadcrumbs.enabled":false,"workbench.tree.renderIndentGuides":"none","explorer.compactFolders":false},"appVersion":"2.3.7","cliVersion":"1.3.1","buildDate":"2025-12-17T16:01:58.874Z"}
2026-01-23 22:23:30 Starting backend process. PID: 83972
2026-01-23 22:23:31 Showing main window early
2026-01-23 22:23:31 Using browser-only version of superagent in non-browser environment
2026-01-23 22:23:31 Configuration directory URI: 'file:///home/chriz/.arduinoIDE'
2026-01-23 22:23:31 Configuring to accept webviews on '^.+\.webview\..+$' hostname.
2026-01-23 22:23:31 2026-01-23T18:23:31.761Z root INFO Backend u.initialize: 43.0 ms [Finished 0.809 s after backend start]
2026-01-23 22:23:31 2026-01-23T18:23:31.762Z root INFO Backend Object.initialize: 40.7 ms [Finished 0.809 s after backend start]
2026-01-23 22:23:31 2026-01-23T18:23:31.762Z root INFO Backend a.initialize: 1.7 ms [Finished 0.809 s after backend start]
2026-01-23 22:23:31 2026-01-23T18:23:31.762Z root INFO Backend a.initialize: 1.3 ms [Finished 0.809 s after backend start]
2026-01-23 22:23:31 2026-01-23T18:23:31.762Z root INFO Backend u.initialize: 1.8 ms [Finished 0.809 s after backend start]
2026-01-23 22:23:31 2026-01-23T18:23:31.764Z root INFO Backend l.initialize: 42.6 ms [Finished 0.811 s after backend start]
2026-01-23 22:23:31 2026-01-23T18:23:31.773Z root INFO configured all backend app contributions
2026-01-23 22:23:31 2026-01-23T18:23:31.774Z root INFO Backend l.onStart: 1.6 ms [Finished 0.823 s after backend start]
2026-01-23 22:23:31 2026-01-23T18:23:31.774Z root INFO Backend d.onStart: 0.2 ms [Finished 0.823 s after backend start]
2026-01-23 22:23:31 2026-01-23T18:23:31.775Z root INFO Backend a.onStart: 0.6 ms [Finished 0.824 s after backend start]
2026-01-23 22:23:31 2026-01-23T18:23:31.776Z config INFO >>> Initializing CLI configuration...
2026-01-23 22:23:31 2026-01-23T18:23:31.776Z root INFO Backend x.onStart: 0.5 ms [Finished 0.824 s after backend start]
2026-01-23 22:23:31 2026-01-23T18:23:31.776Z config INFO Loading CLI configuration from /home/chriz/.arduinoIDE/arduino-cli.yaml...
2026-01-23 22:23:31 2026-01-23T18:23:31.776Z daemon INFO Starting daemon from /opt/arduino-ide/resources/app/lib/backend/resources/arduino-cli...
2026-01-23 22:23:31 2026-01-23T18:23:31.776Z root INFO Backend w.onStart: 0.6 ms [Finished 0.825 s after backend start]
2026-01-23 22:23:31 2026-01-23T18:23:31.776Z discovery-log INFO start
2026-01-23 22:23:31 2026-01-23T18:23:31.776Z discovery-log INFO start new deferred
2026-01-23 22:23:31 2026-01-23T18:23:31.776Z root INFO Backend v.onStart: 0.4 ms [Finished 0.826 s after backend start]
2026-01-23 22:23:31 2026-01-23T18:23:31.776Z root INFO Backend a.onStart: 0.1 ms [Finished 0.826 s after backend start]
2026-01-23 22:23:31 2026-01-23T18:23:31.780Z root INFO Theia app listening on http://127.0.0.1:34383.
2026-01-23 22:23:31 2026-01-23T18:23:31.781Z root INFO Finished starting backend application: 4.2 ms [Finished 0.830 s after backend start]
2026-01-23 22:23:31 2026-01-23T18:23:31.789Z root WARN The local plugin referenced by local-dir:/home/chriz/.arduinoIDE/plugins does not exist.
2026-01-23 22:23:31 2026-01-23T18:23:31.789Z root WARN The local plugin referenced by local-dir:/home/chriz/.arduinoIDE/deployedPlugins does not exist.
2026-01-23 22:23:31 2026-01-23T18:23:31.806Z config INFO Loaded CLI configuration: {"board_manager":{"additional_urls":[]}}
2026-01-23 22:23:31 2026-01-23T18:23:31.806Z config INFO Loading fallback CLI configuration to get 'directories.data' and 'directories.user'
2026-01-23 22:23:31 2026-01-23T18:23:31.819Z daemon INFO time="2026-01-23T22:23:31+04:00" level=info msg="arduino-cli version 1.3.1"
time="2026-01-23T22:23:31+04:00" level=info msg="Using config file: /home/chriz/.arduinoIDE/arduino-cli.yaml"
time="2026-01-23T22:23:31+04:00" level=info msg="Executing `arduino-cli daemon`"
Daemon is now listening on 127.0.0.1:46563
{"IP":"127.0.0.1","Port":"46563"}
2026-01-23 22:23:31 2026-01-23T18:23:31.819Z daemon INFO Daemon is running.
2026-01-23 22:23:31 2026-01-23T18:23:31.829Z config INFO Loaded fallback CLI configuration: {"directories":{"user":"/home/chriz/Arduino","data":"/home/chriz/.arduino15"}}
2026-01-23 22:23:31 2026-01-23T18:23:31.829Z config INFO Merged CLI configuration with the fallback: {"directories":{"user":"/home/chriz/Arduino","data":"/home/chriz/.arduino15"},"board_manager":{"additional_urls":[]}}
2026-01-23 22:23:31 2026-01-23T18:23:31.829Z config INFO Loaded the CLI configuration.
2026-01-23 22:23:31 2026-01-23T18:23:31.830Z config INFO Mapped the CLI configuration: {"dataDirUri":"file:///home/chriz/.arduino15","sketchDirUri":"file:///home/chriz/Arduino","additionalUrls":[],"network":"none","locale":"en"}
2026-01-23 22:23:31 2026-01-23T18:23:31.830Z config INFO Validating the CLI configuration...
2026-01-23 22:23:31 2026-01-23T18:23:31.832Z config INFO The CLI config is valid.
2026-01-23 22:23:31 2026-01-23T18:23:31.832Z config INFO <<< Initialized the CLI configuration.
2026-01-23 22:23:31 2026-01-23T18:23:31.849Z daemon INFO time="2026-01-23T22:23:31+04:00" level=info msg="Updating index" url="https://downloads.arduino.cc/packages/package_index.tar.bz2"
time="2026-01-23T22:23:31+04:00" level=info msg="Starting download" url="https://downloads.arduino.cc/packages/package_index.tar.bz2"
2026-01-23 22:23:31 2026-01-23T18:23:31.878Z root INFO Resolve plugins list: 100.3 ms [Finished 0.928 s after backend start]
2026-01-23 22:23:32 2026-01-23T18:23:32.346Z root INFO Deploy plugins list: 568.7 ms [Finished 1.396 s after backend start]
2026-01-23 22:23:32 Stored workspaces roots: 
2026-01-23 22:23:32 No sketches were scheduled for deletion.
2026-01-23 22:31:10 Arduino IDE 2.3.7
2026-01-23 22:31:10 Checking for frontend application configuration customizations. Module path: /opt/arduino-ide/resources/app/lib/backend/electron-main.js, destination 'package.json': /opt/arduino-ide/resources/app/package.json
2026-01-23 22:31:10 Setting 'theia.frontend.config.appVersion' application configuration value to: "2.3.7" (type of string)
2026-01-23 22:31:10 Setting 'theia.frontend.config.cliVersion' application configuration value to: "1.3.1" (type of string)
2026-01-23 22:31:10 Setting 'theia.frontend.config.buildDate' application configuration value to: "2025-12-17T16:01:58.874Z" (type of string)
2026-01-23 22:31:10 Frontend application configuration after modifications: {"applicationName":"Arduino IDE","defaultTheme":{"light":"arduino-theme","dark":"arduino-theme-dark"},"defaultIconTheme":"none","electron":{"windowOptions":{},"showWindowEarly":true,"splashScreenOptions":{},"uriScheme":"arduino-ide"},"defaultLocale":"","validatePreferencesSchema":false,"reloadOnReconnect":true,"uriScheme":"theia","preferences":{"window.title":"${rootName}${activeEditorShort}${appName}","files.autoSave":"afterDelay","editor.minimap.enabled":false,"editor.tabSize":2,"editor.scrollBeyondLastLine":false,"editor.quickSuggestions":{"other":false,"comments":false,"strings":false},"editor.maxTokenizationLineLength":500,"editor.bracketPairColorization.enabled":false,"breadcrumbs.enabled":false,"workbench.tree.renderIndentGuides":"none","explorer.compactFolders":false},"appVersion":"2.3.7","cliVersion":"1.3.1","buildDate":"2025-12-17T16:01:58.874Z"}
2026-01-23 22:31:10 Starting backend process. PID: 105943
2026-01-23 22:31:10 Showing main window early
2026-01-23 22:31:11 Using browser-only version of superagent in non-browser environment
2026-01-23 22:31:11 Configuration directory URI: 'file:///home/chriz/.arduinoIDE'
2026-01-23 22:31:11 Configuring to accept webviews on '^.+\.webview\..+$' hostname.
2026-01-23 22:31:11 2026-01-23T18:31:11.538Z root INFO Backend u.initialize: 41.3 ms [Finished 0.750 s after backend start]
2026-01-23 22:31:11 2026-01-23T18:31:11.538Z root INFO Backend Object.initialize: 39.2 ms [Finished 0.750 s after backend start]
2026-01-23 22:31:11 2026-01-23T18:31:11.539Z root INFO Backend a.initialize: 1.8 ms [Finished 0.750 s after backend start]
2026-01-23 22:31:11 2026-01-23T18:31:11.539Z root INFO Backend a.initialize: 1.4 ms [Finished 0.750 s after backend start]
2026-01-23 22:31:11 2026-01-23T18:31:11.539Z root INFO Backend u.initialize: 1.8 ms [Finished 0.751 s after backend start]
2026-01-23 22:31:11 2026-01-23T18:31:11.541Z root INFO Backend l.initialize: 40.9 ms [Finished 0.752 s after backend start]
2026-01-23 22:31:11 2026-01-23T18:31:11.551Z root INFO configured all backend app contributions
2026-01-23 22:31:11 2026-01-23T18:31:11.552Z root INFO Backend l.onStart: 2.2 ms [Finished 0.765 s after backend start]
2026-01-23 22:31:11 2026-01-23T18:31:11.552Z root INFO Backend d.onStart: 0.2 ms [Finished 0.765 s after backend start]
2026-01-23 22:31:11 2026-01-23T18:31:11.553Z root INFO Backend a.onStart: 0.4 ms [Finished 0.766 s after backend start]
2026-01-23 22:31:11 2026-01-23T18:31:11.553Z config INFO >>> Initializing CLI configuration...
2026-01-23 22:31:11 2026-01-23T18:31:11.553Z root INFO Backend x.onStart: 0.6 ms [Finished 0.767 s after backend start]
2026-01-23 22:31:11 2026-01-23T18:31:11.553Z config INFO Loading CLI configuration from /home/chriz/.arduinoIDE/arduino-cli.yaml...
2026-01-23 22:31:11 2026-01-23T18:31:11.554Z daemon INFO Starting daemon from /opt/arduino-ide/resources/app/lib/backend/resources/arduino-cli...
2026-01-23 22:31:11 2026-01-23T18:31:11.554Z root INFO Backend w.onStart: 0.5 ms [Finished 0.767 s after backend start]
2026-01-23 22:31:11 2026-01-23T18:31:11.554Z discovery-log INFO start
2026-01-23 22:31:11 2026-01-23T18:31:11.554Z discovery-log INFO start new deferred
2026-01-23 22:31:11 2026-01-23T18:31:11.554Z root INFO Backend v.onStart: 0.3 ms [Finished 0.768 s after backend start]
2026-01-23 22:31:11 2026-01-23T18:31:11.554Z root INFO Backend a.onStart: 0.1 ms [Finished 0.768 s after backend start]
2026-01-23 22:31:11 2026-01-23T18:31:11.558Z root INFO Theia app listening on http://127.0.0.1:40661.
2026-01-23 22:31:11 2026-01-23T18:31:11.558Z root INFO Finished starting backend application: 4.0 ms [Finished 0.772 s after backend start]
2026-01-23 22:31:11 2026-01-23T18:31:11.567Z root WARN The local plugin referenced by local-dir:/home/chriz/.arduinoIDE/plugins does not exist.
2026-01-23 22:31:11 2026-01-23T18:31:11.567Z root WARN The local plugin referenced by local-dir:/home/chriz/.arduinoIDE/deployedPlugins does not exist.
2026-01-23 22:31:11 2026-01-23T18:31:11.583Z config INFO Loaded CLI configuration: {"board_manager":{"additional_urls":[]}}
2026-01-23 22:31:11 2026-01-23T18:31:11.583Z config INFO Loading fallback CLI configuration to get 'directories.data' and 'directories.user'
2026-01-23 22:31:11 2026-01-23T18:31:11.596Z daemon INFO time="2026-01-23T22:31:11+04:00" level=info msg="arduino-cli version 1.3.1"
time="2026-01-23T22:31:11+04:00" level=info msg="Using config file: /home/chriz/.arduinoIDE/arduino-cli.yaml"
time="2026-01-23T22:31:11+04:00" level=info msg="Executing `arduino-cli daemon`"
Daemon is now listening on 127.0.0.1:44829
{"IP":"127.0.0.1","Port":"44829"}
2026-01-23 22:31:11 2026-01-23T18:31:11.596Z daemon INFO Daemon is running.
2026-01-23 22:31:11 2026-01-23T18:31:11.605Z config INFO Loaded fallback CLI configuration: {"directories":{"user":"/home/chriz/Arduino","data":"/home/chriz/.arduino15"}}
2026-01-23 22:31:11 2026-01-23T18:31:11.605Z config INFO Merged CLI configuration with the fallback: {"directories":{"user":"/home/chriz/Arduino","data":"/home/chriz/.arduino15"},"board_manager":{"additional_urls":[]}}
2026-01-23 22:31:11 2026-01-23T18:31:11.605Z config INFO Loaded the CLI configuration.
2026-01-23 22:31:11 2026-01-23T18:31:11.608Z config INFO Mapped the CLI configuration: {"dataDirUri":"file:///home/chriz/.arduino15","sketchDirUri":"file:///home/chriz/Arduino","additionalUrls":[],"network":"none","locale":"en"}
2026-01-23 22:31:11 2026-01-23T18:31:11.608Z config INFO Validating the CLI configuration...
2026-01-23 22:31:11 2026-01-23T18:31:11.615Z config INFO The CLI config is valid.
2026-01-23 22:31:11 2026-01-23T18:31:11.615Z config INFO <<< Initialized the CLI configuration.
2026-01-23 22:31:11 2026-01-23T18:31:11.623Z daemon INFO time="2026-01-23T22:31:11+04:00" level=info msg="Updating index" url="https://downloads.arduino.cc/packages/package_index.tar.bz2"
time="2026-01-23T22:31:11+04:00" level=info msg="Starting download" url="https://downloads.arduino.cc/packages/package_index.tar.bz2"
2026-01-23 22:31:11 2026-01-23T18:31:11.651Z root INFO Resolve plugins list: 95.5 ms [Finished 0.864 s after backend start]
2026-01-23 22:31:12 2026-01-23T18:31:12.130Z root INFO Deploy plugins list: 575.3 ms [Finished 1.344 s after backend start]
2026-01-23 22:31:12 2026-01-23T18:31:12.344Z root INFO creating connection for 1
2026-01-23 22:31:13 2026-01-23T18:31:13.170Z daemon INFO time="2026-01-23T22:31:13+04:00" level=info msg="Checking signature" index=/home/chriz/.arduino15/package_index.json signatureFile=/home/chriz/.arduino15/package_index.json.sig trusted=true
2026-01-23 22:31:13 2026-01-23T18:31:13.172Z daemon INFO time="2026-01-23T22:31:13+04:00" level=info msg="Loading hardware from: /home/chriz/.arduino15/packages"
2026-01-23 22:31:13 2026-01-23T18:31:13.172Z daemon INFO time="2026-01-23T22:31:13+04:00" level=info msg="Starting download" url="https://downloads.arduino.cc/discovery/serial-discovery/serial-discovery_v1.4.3_Linux_64bit.tar.gz"
2026-01-23 22:31:13 2026-01-23T18:31:13.505Z root WARN A command editor.action.toggleStickyScroll is already registered.
2026-01-23 22:31:13 Opening channel for service path '/services/electron-window'.
2026-01-23 22:31:13 Opening channel for service path '/services/ide-updater'.
2026-01-23 22:31:13 2026-01-23T18:31:13.651Z root INFO Start frontend contributions: 354.1 ms [Finished 2.063 s after frontend start]
2026-01-23 22:31:13 2026-01-23T18:31:13.651Z root INFO Changed application state from 'init' to 'started_contributions'.
2026-01-23 22:31:13 2026-01-23T18:31:13.663Z root INFO Changed application state from 'started_contributions' to 'attached_shell'.
2026-01-23 22:31:13 2026-01-23T18:31:13.664Z root INFO >>> Restoring the layout state...
2026-01-23 22:31:13 2026-01-23T18:31:13.756Z root INFO [54d54c7c-924a-4b03-acdf-ed7574bd76ee] Waiting for backend deployment: 120.0 ms [Finished 2.177 s after frontend start]
2026-01-23 22:31:14 2026-01-23T18:31:14.462Z daemon INFO time="2026-01-23T22:31:14+04:00" level=info msg="Installing tool" Tool="builtin:serial-discovery@1.4.3"
time="2026-01-23T22:31:14+04:00" level=info msg="Skipping tool configuration." Tool="builtin:serial-discovery@1.4.3"
time="2026-01-23T22:31:14+04:00" level=info msg="Tool installed" Tool="builtin:serial-discovery@1.4.3"
time="2026-01-23T22:31:14+04:00" level=info msg="Starting download" url="https://downloads.arduino.cc/monitor/serial-monitor/serial-monitor_v0.15.0_Linux_64bit.tar.gz"
2026-01-23 22:31:14 2026-01-23T18:31:14.462Z root INFO [hosted-plugin: 106135] PLUGIN_HOST(106135) starting instance
[Object: null prototype] {}
2026-01-23 22:31:15 2026-01-23T18:31:15.101Z daemon INFO time="2026-01-23T22:31:15+04:00" level=info msg="Installing tool" Tool="builtin:serial-monitor@0.15.0"
2026-01-23 22:31:15 2026-01-23T18:31:15.160Z daemon INFO time="2026-01-23T22:31:15+04:00" level=info msg="Skipping tool configuration." Tool="builtin:serial-monitor@0.15.0"
time="2026-01-23T22:31:15+04:00" level=info msg="Tool installed" Tool="builtin:serial-monitor@0.15.0"
2026-01-23 22:31:15 2026-01-23T18:31:15.160Z daemon INFO time="2026-01-23T22:31:15+04:00" level=info msg="Starting download" url="https://downloads.arduino.cc/tools/ctags-5.8-arduino11-pm-x86_64-pc-linux-gnu.tar.bz2"
2026-01-23 22:31:15 2026-01-23T18:31:15.294Z root INFO [54d54c7c-924a-4b03-acdf-ed7574bd76ee] Sync of 23 plugins: 1549.9 ms [Finished 3.727 s after frontend start]
2026-01-23 22:31:15 2026-01-23T18:31:15.887Z daemon INFO time="2026-01-23T22:31:15+04:00" level=info msg="Installing tool" Tool="builtin:ctags@5.8-arduino11"
2026-01-23 22:31:15 2026-01-23T18:31:15.926Z daemon INFO time="2026-01-23T22:31:15+04:00" level=info msg="Skipping tool configuration." Tool="builtin:ctags@5.8-arduino11"
time="2026-01-23T22:31:15+04:00" level=info msg="Tool installed" Tool="builtin:ctags@5.8-arduino11"
2026-01-23 22:31:15 2026-01-23T18:31:15.926Z daemon INFO time="2026-01-23T22:31:15+04:00" level=info msg="Starting download" url="https://downloads.arduino.cc/discovery/dfu-discovery/dfu-discovery_v0.1.2_Linux_64bit.tar.gz"
2026-01-23 22:31:16 Closing channel on service path '/services/electron-window'.
2026-01-23 22:31:16 Closing channel on service path '/services/ide-updater'.
2026-01-23 22:31:16 Stored workspaces roots: 
2026-01-23 22:31:16 No sketches were scheduled for deletion.
2026-01-23 22:52:13 Arduino IDE 2.3.7
2026-01-23 22:52:13 Checking for frontend application configuration customizations. Module path: /opt/arduino-ide/resources/app/lib/backend/electron-main.js, destination 'package.json': /opt/arduino-ide/resources/app/package.json
2026-01-23 22:52:14 Setting 'theia.frontend.config.appVersion' application configuration value to: "2.3.7" (type of string)
2026-01-23 22:52:14 Setting 'theia.frontend.config.cliVersion' application configuration value to: "1.3.1" (type of string)
2026-01-23 22:52:14 Setting 'theia.frontend.config.buildDate' application configuration value to: "2025-12-17T16:01:58.874Z" (type of string)
2026-01-23 22:52:14 Frontend application configuration after modifications: {"applicationName":"Arduino IDE","defaultTheme":{"light":"arduino-theme","dark":"arduino-theme-dark"},"defaultIconTheme":"none","electron":{"windowOptions":{},"showWindowEarly":true,"splashScreenOptions":{},"uriScheme":"arduino-ide"},"defaultLocale":"","validatePreferencesSchema":false,"reloadOnReconnect":true,"uriScheme":"theia","preferences":{"window.title":"${rootName}${activeEditorShort}${appName}","files.autoSave":"afterDelay","editor.minimap.enabled":false,"editor.tabSize":2,"editor.scrollBeyondLastLine":false,"editor.quickSuggestions":{"other":false,"comments":false,"strings":false},"editor.maxTokenizationLineLength":500,"editor.bracketPairColorization.enabled":false,"breadcrumbs.enabled":false,"workbench.tree.renderIndentGuides":"none","explorer.compactFolders":false},"appVersion":"2.3.7","cliVersion":"1.3.1","buildDate":"2025-12-17T16:01:58.874Z"}
2026-01-23 22:52:14 Starting backend process. PID: 158307
2026-01-23 22:52:14 Showing main window early
2026-01-23 22:52:14 Using browser-only version of superagent in non-browser environment
2026-01-23 22:52:14 Configuration directory URI: 'file:///home/chriz/.arduinoIDE'
2026-01-23 22:52:14 Configuring to accept webviews on '^.+\.webview\..+$' hostname.
2026-01-23 22:52:14 2026-01-23T18:52:14.883Z root INFO Backend u.initialize: 43.2 ms [Finished 0.762 s after backend start]
2026-01-23 22:52:14 2026-01-23T18:52:14.883Z root INFO Backend Object.initialize: 41.1 ms [Finished 0.763 s after backend start]
2026-01-23 22:52:14 2026-01-23T18:52:14.883Z root INFO Backend a.initialize: 1.5 ms [Finished 0.763 s after backend start]
2026-01-23 22:52:14 2026-01-23T18:52:14.883Z root INFO Backend a.initialize: 1.1 ms [Finished 0.763 s after backend start]
2026-01-23 22:52:14 2026-01-23T18:52:14.883Z root INFO Backend u.initialize: 1.6 ms [Finished 0.763 s after backend start]
2026-01-23 22:52:14 2026-01-23T18:52:14.886Z root INFO Backend l.initialize: 42.9 ms [Finished 0.764 s after backend start]
2026-01-23 22:52:14 2026-01-23T18:52:14.896Z root INFO configured all backend app contributions
2026-01-23 22:52:14 2026-01-23T18:52:14.896Z root INFO Backend l.onStart: 2.4 ms [Finished 0.777 s after backend start]
2026-01-23 22:52:14 2026-01-23T18:52:14.897Z root INFO Backend d.onStart: 0.1 ms [Finished 0.778 s after backend start]
2026-01-23 22:52:14 2026-01-23T18:52:14.897Z root INFO Backend a.onStart: 0.4 ms [Finished 0.778 s after backend start]
2026-01-23 22:52:14 2026-01-23T18:52:14.898Z config INFO >>> Initializing CLI configuration...
2026-01-23 22:52:14 2026-01-23T18:52:14.898Z root INFO Backend x.onStart: 0.4 ms [Finished 0.778 s after backend start]
2026-01-23 22:52:14 2026-01-23T18:52:14.898Z config INFO Loading CLI configuration from /home/chriz/.arduinoIDE/arduino-cli.yaml...
2026-01-23 22:52:14 2026-01-23T18:52:14.898Z daemon INFO Starting daemon from /opt/arduino-ide/resources/app/lib/backend/resources/arduino-cli...
2026-01-23 22:52:14 2026-01-23T18:52:14.898Z root INFO Backend w.onStart: 0.4 ms [Finished 0.779 s after backend start]
2026-01-23 22:52:14 2026-01-23T18:52:14.898Z discovery-log INFO start
2026-01-23 22:52:14 2026-01-23T18:52:14.898Z discovery-log INFO start new deferred
2026-01-23 22:52:14 2026-01-23T18:52:14.898Z root INFO Backend v.onStart: 0.2 ms [Finished 0.779 s after backend start]
2026-01-23 22:52:14 2026-01-23T18:52:14.898Z root INFO Backend a.onStart: 0.1 ms [Finished 0.780 s after backend start]
2026-01-23 22:52:14 2026-01-23T18:52:14.902Z root INFO Theia app listening on http://127.0.0.1:43129.
2026-01-23 22:52:14 2026-01-23T18:52:14.902Z root INFO Finished starting backend application: 3.8 ms [Finished 0.783 s after backend start]
2026-01-23 22:52:14 2026-01-23T18:52:14.909Z root WARN The local plugin referenced by local-dir:/home/chriz/.arduinoIDE/plugins does not exist.
2026-01-23 22:52:14 2026-01-23T18:52:14.909Z root WARN The local plugin referenced by local-dir:/home/chriz/.arduinoIDE/deployedPlugins does not exist.
2026-01-23 22:52:14 2026-01-23T18:52:14.926Z config INFO Loaded CLI configuration: {"board_manager":{"additional_urls":[]}}
2026-01-23 22:52:14 2026-01-23T18:52:14.926Z config INFO Loading fallback CLI configuration to get 'directories.data' and 'directories.user'
2026-01-23 22:52:14 2026-01-23T18:52:14.940Z daemon INFO time="2026-01-23T22:52:14+04:00" level=info msg="arduino-cli version 1.3.1"
time="2026-01-23T22:52:14+04:00" level=info msg="Using config file: /home/chriz/.arduinoIDE/arduino-cli.yaml"
time="2026-01-23T22:52:14+04:00" level=info msg="Executing `arduino-cli daemon`"
Daemon is now listening on 127.0.0.1:35005
{"IP":"127.0.0.1","Port":"35005"}
2026-01-23 22:52:14 2026-01-23T18:52:14.940Z daemon INFO Daemon is running.
2026-01-23 22:52:14 2026-01-23T18:52:14.949Z config INFO Loaded fallback CLI configuration: {"directories":{"user":"/home/chriz/Arduino","data":"/home/chriz/.arduino15"}}
2026-01-23 22:52:14 2026-01-23T18:52:14.949Z config INFO Merged CLI configuration with the fallback: {"directories":{"user":"/home/chriz/Arduino","data":"/home/chriz/.arduino15"},"board_manager":{"additional_urls":[]}}
2026-01-23 22:52:14 2026-01-23T18:52:14.949Z config INFO Loaded the CLI configuration.
2026-01-23 22:52:14 2026-01-23T18:52:14.952Z config INFO Mapped the CLI configuration: {"dataDirUri":"file:///home/chriz/.arduino15","sketchDirUri":"file:///home/chriz/Arduino","additionalUrls":[],"network":"none","locale":"en"}
2026-01-23 22:52:14 2026-01-23T18:52:14.952Z config INFO Validating the CLI configuration...
2026-01-23 22:52:14 2026-01-23T18:52:14.958Z config INFO The CLI config is valid.
2026-01-23 22:52:14 2026-01-23T18:52:14.958Z config INFO <<< Initialized the CLI configuration.
2026-01-23 22:52:14 2026-01-23T18:52:14.991Z daemon INFO time="2026-01-23T22:52:14+04:00" level=info msg="Checking signature" index=/home/chriz/.arduino15/package_index.json signatureFile=/home/chriz/.arduino15/package_index.json.sig trusted=true
2026-01-23 22:52:14 2026-01-23T18:52:14.992Z daemon INFO time="2026-01-23T22:52:14+04:00" level=info msg="Loading hardware from: /home/chriz/.arduino15/packages"
2026-01-23 22:52:14 2026-01-23T18:52:14.993Z daemon INFO time="2026-01-23T22:52:14+04:00" level=info msg="Loading package builtin from: /home/chriz/.arduino15/packages/builtin"
time="2026-01-23T22:52:14+04:00" level=info msg="Checking existence of 'tools' path: /home/chriz/.arduino15/packages/builtin/tools"
time="2026-01-23T22:52:14+04:00" level=info msg="Loading tools from dir: /home/chriz/.arduino15/packages/builtin/tools"
time="2026-01-23T22:52:14+04:00" level=info msg="Loaded tool" tool="builtin:ctags@5.8-arduino11"
time="2026-01-23T22:52:14+04:00" level=info msg="Loaded tool" tool="builtin:serial-discovery@1.4.3"
time="2026-01-23T22:52:14+04:00" level=info msg="Loaded tool" tool="builtin:serial-monitor@0.15.0"
2026-01-23 22:52:14 2026-01-23T18:52:14.993Z daemon INFO time="2026-01-23T22:52:14+04:00" level=info msg="Starting download" url="https://downloads.arduino.cc/discovery/dfu-discovery/dfu-discovery_v0.1.2_Linux_64bit.tar.gz"
2026-01-23 22:52:15 2026-01-23T18:52:15.002Z root INFO Resolve plugins list: 102.4 ms [Finished 0.883 s after backend start]
2026-01-23 22:52:15 2026-01-23T18:52:15.485Z root INFO Deploy plugins list: 586.3 ms [Finished 1.367 s after backend start]
2026-01-23 22:52:15 2026-01-23T18:52:15.711Z root INFO creating connection for 1
2026-01-23 22:52:16 2026-01-23T18:52:16.185Z daemon INFO time="2026-01-23T22:52:16+04:00" level=info msg="Installing tool" Tool="builtin:dfu-discovery@0.1.2"
2026-01-23 22:52:16 2026-01-23T18:52:16.223Z daemon INFO time="2026-01-23T22:52:16+04:00" level=info msg="Skipping tool configuration." Tool="builtin:dfu-discovery@0.1.2"
time="2026-01-23T22:52:16+04:00" level=info msg="Tool installed" Tool="builtin:dfu-discovery@0.1.2"
2026-01-23 22:52:16 2026-01-23T18:52:16.223Z daemon INFO time="2026-01-23T22:52:16+04:00" level=info msg="Starting download" url="https://downloads.arduino.cc/discovery/mdns-discovery/mdns-discovery_v1.0.12_Linux_64bit.tar.gz"
2026-01-23 22:52:16 Stored workspaces roots: 
2026-01-23 22:52:16 No sketches were scheduled for deletion.
2026-01-23 22:52:39 Arduino IDE 2.3.7
2026-01-23 22:52:39 Checking for frontend application configuration customizations. Module path: /opt/arduino-ide/resources/app/lib/backend/electron-main.js, destination 'package.json': /opt/arduino-ide/resources/app/package.json
2026-01-23 22:52:39 Setting 'theia.frontend.config.appVersion' application configuration value to: "2.3.7" (type of string)
2026-01-23 22:52:39 Setting 'theia.frontend.config.cliVersion' application configuration value to: "1.3.1" (type of string)
2026-01-23 22:52:39 Setting 'theia.frontend.config.buildDate' application configuration value to: "2025-12-17T16:01:58.874Z" (type of string)
2026-01-23 22:52:39 Frontend application configuration after modifications: {"applicationName":"Arduino IDE","defaultTheme":{"light":"arduino-theme","dark":"arduino-theme-dark"},"defaultIconTheme":"none","electron":{"windowOptions":{},"showWindowEarly":true,"splashScreenOptions":{},"uriScheme":"arduino-ide"},"defaultLocale":"","validatePreferencesSchema":false,"reloadOnReconnect":true,"uriScheme":"theia","preferences":{"window.title":"${rootName}${activeEditorShort}${appName}","files.autoSave":"afterDelay","editor.minimap.enabled":false,"editor.tabSize":2,"editor.scrollBeyondLastLine":false,"editor.quickSuggestions":{"other":false,"comments":false,"strings":false},"editor.maxTokenizationLineLength":500,"editor.bracketPairColorization.enabled":false,"breadcrumbs.enabled":false,"workbench.tree.renderIndentGuides":"none","explorer.compactFolders":false},"appVersion":"2.3.7","cliVersion":"1.3.1","buildDate":"2025-12-17T16:01:58.874Z"}
2026-01-23 22:52:39 Starting backend process. PID: 159686
2026-01-23 22:52:39 Showing main window early
2026-01-23 22:52:40 Using browser-only version of superagent in non-browser environment
2026-01-23 22:52:40 Configuration directory URI: 'file:///home/chriz/.arduinoIDE'
2026-01-23 22:52:40 Configuring to accept webviews on '^.+\.webview\..+$' hostname.
2026-01-23 22:52:40 2026-01-23T18:52:40.613Z root INFO Backend u.initialize: 45.5 ms [Finished 0.758 s after backend start]
2026-01-23 22:52:40 2026-01-23T18:52:40.613Z root INFO Backend Object.initialize: 40.4 ms [Finished 0.759 s after backend start]
2026-01-23 22:52:40 2026-01-23T18:52:40.613Z root INFO Backend a.initialize: 1.5 ms [Finished 0.759 s after backend start]
2026-01-23 22:52:40 2026-01-23T18:52:40.613Z root INFO Backend a.initialize: 1.1 ms [Finished 0.759 s after backend start]
2026-01-23 22:52:40 2026-01-23T18:52:40.614Z root INFO Backend u.initialize: 1.4 ms [Finished 0.759 s after backend start]
2026-01-23 22:52:40 2026-01-23T18:52:40.616Z root INFO Backend l.initialize: 42.0 ms [Finished 0.760 s after backend start]
2026-01-23 22:52:40 2026-01-23T18:52:40.626Z root INFO configured all backend app contributions
2026-01-23 22:52:40 2026-01-23T18:52:40.627Z root INFO Backend l.onStart: 2.6 ms [Finished 0.774 s after backend start]
2026-01-23 22:52:40 2026-01-23T18:52:40.628Z root INFO Backend d.onStart: 0.1 ms [Finished 0.774 s after backend start]
2026-01-23 22:52:40 2026-01-23T18:52:40.628Z root INFO Backend a.onStart: 0.4 ms [Finished 0.774 s after backend start]
2026-01-23 22:52:40 2026-01-23T18:52:40.629Z config INFO >>> Initializing CLI configuration...
2026-01-23 22:52:40 2026-01-23T18:52:40.629Z root INFO Backend x.onStart: 0.6 ms [Finished 0.775 s after backend start]
2026-01-23 22:52:40 2026-01-23T18:52:40.629Z config INFO Loading CLI configuration from /home/chriz/.arduinoIDE/arduino-cli.yaml...
2026-01-23 22:52:40 2026-01-23T18:52:40.629Z daemon INFO Starting daemon from /opt/arduino-ide/resources/app/lib/backend/resources/arduino-cli...
2026-01-23 22:52:40 2026-01-23T18:52:40.629Z root INFO Backend w.onStart: 0.5 ms [Finished 0.776 s after backend start]
2026-01-23 22:52:40 2026-01-23T18:52:40.629Z discovery-log INFO start
2026-01-23 22:52:40 2026-01-23T18:52:40.629Z discovery-log INFO start new deferred
2026-01-23 22:52:40 2026-01-23T18:52:40.629Z root INFO Backend v.onStart: 0.3 ms [Finished 0.776 s after backend start]
2026-01-23 22:52:40 2026-01-23T18:52:40.629Z root INFO Backend a.onStart: 0.1 ms [Finished 0.776 s after backend start]
2026-01-23 22:52:40 2026-01-23T18:52:40.633Z root INFO Theia app listening on http://127.0.0.1:46279.
2026-01-23 22:52:40 2026-01-23T18:52:40.633Z root INFO Finished starting backend application: 4.3 ms [Finished 0.781 s after backend start]
2026-01-23 22:52:40 2026-01-23T18:52:40.644Z root WARN The local plugin referenced by local-dir:/home/chriz/.arduinoIDE/plugins does not exist.
2026-01-23 22:52:40 2026-01-23T18:52:40.644Z root WARN The local plugin referenced by local-dir:/home/chriz/.arduinoIDE/deployedPlugins does not exist.
2026-01-23 22:52:40 2026-01-23T18:52:40.663Z config INFO Loaded CLI configuration: {"board_manager":{"additional_urls":[]}}
2026-01-23 22:52:40 2026-01-23T18:52:40.663Z config INFO Loading fallback CLI configuration to get 'directories.data' and 'directories.user'
2026-01-23 22:52:40 2026-01-23T18:52:40.675Z daemon INFO time="2026-01-23T22:52:40+04:00" level=info msg="arduino-cli version 1.3.1"
time="2026-01-23T22:52:40+04:00" level=info msg="Using config file: /home/chriz/.arduinoIDE/arduino-cli.yaml"
time="2026-01-23T22:52:40+04:00" level=info msg="Executing `arduino-cli daemon`"
Daemon is now listening on 127.0.0.1:38157
{"IP":"127.0.0.1","Port":"38157"}
2026-01-23 22:52:40 2026-01-23T18:52:40.675Z daemon INFO Daemon is running.
2026-01-23 22:52:40 2026-01-23T18:52:40.683Z config INFO Loaded fallback CLI configuration: {"directories":{"user":"/home/chriz/Arduino","data":"/home/chriz/.arduino15"}}
2026-01-23 22:52:40 2026-01-23T18:52:40.683Z config INFO Merged CLI configuration with the fallback: {"directories":{"user":"/home/chriz/Arduino","data":"/home/chriz/.arduino15"},"board_manager":{"additional_urls":[]}}
2026-01-23 22:52:40 2026-01-23T18:52:40.683Z config INFO Loaded the CLI configuration.
2026-01-23 22:52:40 2026-01-23T18:52:40.686Z config INFO Mapped the CLI configuration: {"dataDirUri":"file:///home/chriz/.arduino15","sketchDirUri":"file:///home/chriz/Arduino","additionalUrls":[],"network":"none","locale":"en"}
2026-01-23 22:52:40 2026-01-23T18:52:40.686Z config INFO Validating the CLI configuration...
2026-01-23 22:52:40 2026-01-23T18:52:40.694Z config INFO The CLI config is valid.
2026-01-23 22:52:40 2026-01-23T18:52:40.694Z config INFO <<< Initialized the CLI configuration.
2026-01-23 22:52:40 2026-01-23T18:52:40.731Z daemon INFO time="2026-01-23T22:52:40+04:00" level=info msg="Checking signature" index=/home/chriz/.arduino15/package_index.json signatureFile=/home/chriz/.arduino15/package_index.json.sig trusted=true
2026-01-23 22:52:40 2026-01-23T18:52:40.733Z root INFO Resolve plugins list: 102.4 ms [Finished 0.880 s after backend start]
2026-01-23 22:52:40 2026-01-23T18:52:40.733Z daemon INFO time="2026-01-23T22:52:40+04:00" level=info msg="Loading hardware from: /home/chriz/.arduino15/packages"
2026-01-23 22:52:40 2026-01-23T18:52:40.734Z daemon INFO time="2026-01-23T22:52:40+04:00" level=info msg="Loading package builtin from: /home/chriz/.arduino15/packages/builtin"
time="2026-01-23T22:52:40+04:00" level=info msg="Checking existence of 'tools' path: /home/chriz/.arduino15/packages/builtin/tools"
time="2026-01-23T22:52:40+04:00" level=info msg="Loading tools from dir: /home/chriz/.arduino15/packages/builtin/tools"
time="2026-01-23T22:52:40+04:00" level=info msg="Loaded tool" tool="builtin:ctags@5.8-arduino11"
time="2026-01-23T22:52:40+04:00" level=info msg="Loaded tool" tool="builtin:dfu-discovery@0.1.2"
time="2026-01-23T22:52:40+04:00" level=info msg="Loaded tool" tool="builtin:serial-discovery@1.4.3"
time="2026-01-23T22:52:40+04:00" level=info msg="Loaded tool" tool="builtin:serial-monitor@0.15.0"
2026-01-23 22:52:40 2026-01-23T18:52:40.738Z daemon INFO time="2026-01-23T22:52:40+04:00" level=info msg="Starting download" url="https://downloads.arduino.cc/discovery/mdns-discovery/mdns-discovery_v1.0.12_Linux_64bit.tar.gz"
2026-01-23 22:52:40 Stored workspaces roots: 
2026-01-23 22:52:40 No sketches were scheduled for deletion.
2026-01-23 22:53:01 Arduino IDE 2.3.7
2026-01-23 22:53:01 Checking for frontend application configuration customizations. Module path: /opt/arduino-ide/resources/app/lib/backend/electron-main.js, destination 'package.json': /opt/arduino-ide/resources/app/package.json
2026-01-23 22:53:01 Setting 'theia.frontend.config.appVersion' application configuration value to: "2.3.7" (type of string)
2026-01-23 22:53:01 Setting 'theia.frontend.config.cliVersion' application configuration value to: "1.3.1" (type of string)
2026-01-23 22:53:01 Setting 'theia.frontend.config.buildDate' application configuration value to: "2025-12-17T16:01:58.874Z" (type of string)
2026-01-23 22:53:01 Frontend application configuration after modifications: {"applicationName":"Arduino IDE","defaultTheme":{"light":"arduino-theme","dark":"arduino-theme-dark"},"defaultIconTheme":"none","electron":{"windowOptions":{},"showWindowEarly":true,"splashScreenOptions":{},"uriScheme":"arduino-ide"},"defaultLocale":"","validatePreferencesSchema":false,"reloadOnReconnect":true,"uriScheme":"theia","preferences":{"window.title":"${rootName}${activeEditorShort}${appName}","files.autoSave":"afterDelay","editor.minimap.enabled":false,"editor.tabSize":2,"editor.scrollBeyondLastLine":false,"editor.quickSuggestions":{"other":false,"comments":false,"strings":false},"editor.maxTokenizationLineLength":500,"editor.bracketPairColorization.enabled":false,"breadcrumbs.enabled":false,"workbench.tree.renderIndentGuides":"none","explorer.compactFolders":false},"appVersion":"2.3.7","cliVersion":"1.3.1","buildDate":"2025-12-17T16:01:58.874Z"}
2026-01-23 22:53:01 Starting backend process. PID: 160830
2026-01-23 22:53:01 Showing main window early
2026-01-23 22:53:02 Using browser-only version of superagent in non-browser environment
2026-01-23 22:53:02 Configuration directory URI: 'file:///home/chriz/.arduinoIDE'
2026-01-23 22:53:02 Configuring to accept webviews on '^.+\.webview\..+$' hostname.
2026-01-23 22:53:02 Stored workspaces roots: 
2026-01-23 22:53:02 No sketches were scheduled for deletion.
