2026-02-11 18:09:43,365 - root.<module> - INFO - ===== appimagemanager v1.0.4 Starting =====
2026-02-11 18:09:43,365 - root.main - INFO - ===== appimagemanager v1.0.4 Starting =====
2026-02-11 18:09:43,365 - root.main - INFO - ===== appimagemanager v1.0.4 Starting =====
2026-02-11 18:09:43,366 - appimagemanager.config._load_settings - INFO - Settings file not found (/home/chriz/.config/appimage-manager/settings.json). Creating with defaults.
2026-02-11 18:09:43,366 - appimagemanager.config._load_settings - INFO - Settings file not found (/home/chriz/.config/appimage-manager/settings.json). Creating with defaults.
2026-02-11 18:09:43,366 - appimagemanager.config._save_settings - DEBUG - Settings saved to /home/chriz/.config/appimage-manager/settings.json
2026-02-11 18:09:43,366 - appimagemanager.config._save_settings - DEBUG - Settings saved to /home/chriz/.config/appimage-manager/settings.json
2026-02-11 18:09:43,366 - root.main - INFO - Application language set to: en
2026-02-11 18:09:43,366 - root.main - INFO - Application language set to: en
2026-02-11 18:09:43,440 - root.__init__ - INFO - Using theme: Light
2026-02-11 18:09:43,440 - root.__init__ - INFO - Using theme: Light
2026-02-11 18:09:43,440 - appimagemanager.db_manager._ensure_db_exists - INFO - Veritabanı dosyası oluşturuldu: /home/chriz/.config/appimage-manager/installed.json
2026-02-11 18:09:43,440 - appimagemanager.db_manager._ensure_db_exists - INFO - Veritabanı dosyası oluşturuldu: /home/chriz/.config/appimage-manager/installed.json
2026-02-11 18:09:43,440 - appimagemanager.db_manager._load_db - DEBUG - Veritabanı yüklendi: 0 uygulama var
2026-02-11 18:09:43,440 - appimagemanager.db_manager._load_db - DEBUG - Veritabanı yüklendi: 0 uygulama var
2026-02-11 18:09:43,487 - appimagemanager.pages.manage_page.refresh_app_list - INFO - Refreshing installed app list...
2026-02-11 18:09:43,487 - appimagemanager.pages.manage_page.refresh_app_list - INFO - Refreshing installed app list...
2026-02-11 18:09:43,490 - appimagemanager.db_manager._load_db - DEBUG - Veritabanı yüklendi: 0 uygulama var
2026-02-11 18:09:43,490 - appimagemanager.db_manager._load_db - DEBUG - Veritabanı yüklendi: 0 uygulama var
2026-02-11 18:09:43,490 - appimagemanager.pages.manage_page.refresh_app_list - INFO - Loaded 0 applications into the table.
2026-02-11 18:09:43,490 - appimagemanager.pages.manage_page.refresh_app_list - INFO - Loaded 0 applications into the table.
2026-02-11 18:09:43,491 - appimagemanager.pages.settings_page.load_settings - INFO - Loading settings...
2026-02-11 18:09:43,491 - appimagemanager.pages.settings_page.load_settings - INFO - Loading settings...
2026-02-11 18:09:43,540 - appimagemanager.i18n._ - DEBUG - Missing translation for key: &Install AppImage...
2026-02-11 18:09:43,540 - appimagemanager.i18n._ - DEBUG - Missing translation for key: &Install AppImage...
2026-02-11 18:09:43,540 - appimagemanager.i18n._ - DEBUG - Missing translation for key: Install a new AppImage
2026-02-11 18:09:43,540 - appimagemanager.i18n._ - DEBUG - Missing translation for key: Install a new AppImage
2026-02-11 18:09:43,540 - appimagemanager.i18n._ - DEBUG - Missing translation for key: E&xit
2026-02-11 18:09:43,540 - appimagemanager.i18n._ - DEBUG - Missing translation for key: E&xit
2026-02-11 18:09:43,540 - appimagemanager.i18n._ - DEBUG - Missing translation for key: Exit application
2026-02-11 18:09:43,540 - appimagemanager.i18n._ - DEBUG - Missing translation for key: Exit application
2026-02-11 18:09:43,541 - appimagemanager.i18n._ - DEBUG - Missing translation for key: &Preferences
2026-02-11 18:09:43,541 - appimagemanager.i18n._ - DEBUG - Missing translation for key: &Preferences
2026-02-11 18:09:43,541 - appimagemanager.i18n._ - DEBUG - Missing translation for key: Application settings
2026-02-11 18:09:43,541 - appimagemanager.i18n._ - DEBUG - Missing translation for key: Application settings
2026-02-11 18:09:43,541 - appimagemanager.i18n._ - DEBUG - Missing translation for key: &About
2026-02-11 18:09:43,541 - appimagemanager.i18n._ - DEBUG - Missing translation for key: &About
2026-02-11 18:09:43,541 - appimagemanager.i18n._ - DEBUG - Missing translation for key: Show application information
2026-02-11 18:09:43,541 - appimagemanager.i18n._ - DEBUG - Missing translation for key: Show application information
2026-02-11 18:09:43,561 - appimagemanager.i18n._ - DEBUG - Missing translation for key: Performing initial system checks...
2026-02-11 18:09:43,561 - appimagemanager.i18n._ - DEBUG - Missing translation for key: Performing initial system checks...
2026-02-11 18:09:43,562 - root.perform_initial_checks - INFO - Performing initial system checks...
2026-02-11 18:09:43,562 - root.perform_initial_checks - INFO - Performing initial system checks...
2026-02-11 18:09:43,562 - appimagemanager.db_manager._load_db - DEBUG - Veritabanı yüklendi: 0 uygulama var
2026-02-11 18:09:43,562 - appimagemanager.db_manager._load_db - DEBUG - Veritabanı yüklendi: 0 uygulama var
2026-02-11 18:09:43,562 - appimagemanager.i18n._ - DEBUG - Missing translation for key: Database check passed (DBManager instantiated).
2026-02-11 18:09:43,562 - appimagemanager.i18n._ - DEBUG - Missing translation for key: Database check passed (DBManager instantiated).
2026-02-11 18:09:43,562 - root.perform_initial_checks - INFO - Database check passed (DBManager instantiated).
2026-02-11 18:09:43,562 - root.perform_initial_checks - INFO - Database check passed (DBManager instantiated).
2026-02-11 18:09:43,562 - appimagemanager.utils.check_libfuse - INFO - FUSE check passed (found fusermount).
2026-02-11 18:09:43,562 - appimagemanager.utils.check_libfuse - INFO - FUSE check passed (found fusermount).
2026-02-11 18:09:43,562 - appimagemanager.i18n._ - DEBUG - Missing translation for key: Initial checks completed.
2026-02-11 18:09:43,562 - appimagemanager.i18n._ - DEBUG - Missing translation for key: Initial checks completed.
2026-02-11 18:09:43,562 - root.perform_initial_checks - INFO - Initial checks completed.
2026-02-11 18:09:43,562 - root.perform_initial_checks - INFO - Initial checks completed.
2026-02-11 18:09:43,562 - root.update_ui_texts - INFO - Updating UI texts for language change...
2026-02-11 18:09:43,562 - root.update_ui_texts - INFO - Updating UI texts for language change...
2026-02-11 18:09:43,562 - appimagemanager.i18n._ - DEBUG - Missing translation for key: &Install AppImage...
2026-02-11 18:09:43,562 - appimagemanager.i18n._ - DEBUG - Missing translation for key: &Install AppImage...
2026-02-11 18:09:43,562 - appimagemanager.i18n._ - DEBUG - Missing translation for key: Install a new AppImage
2026-02-11 18:09:43,562 - appimagemanager.i18n._ - DEBUG - Missing translation for key: Install a new AppImage
2026-02-11 18:09:43,562 - appimagemanager.i18n._ - DEBUG - Missing translation for key: E&xit
2026-02-11 18:09:43,562 - appimagemanager.i18n._ - DEBUG - Missing translation for key: E&xit
2026-02-11 18:09:43,563 - appimagemanager.i18n._ - DEBUG - Missing translation for key: Exit application
2026-02-11 18:09:43,563 - appimagemanager.i18n._ - DEBUG - Missing translation for key: Exit application
2026-02-11 18:09:43,563 - appimagemanager.i18n._ - DEBUG - Missing translation for key: &Preferences
2026-02-11 18:09:43,563 - appimagemanager.i18n._ - DEBUG - Missing translation for key: &Preferences
2026-02-11 18:09:43,563 - appimagemanager.i18n._ - DEBUG - Missing translation for key: Application settings
2026-02-11 18:09:43,563 - appimagemanager.i18n._ - DEBUG - Missing translation for key: Application settings
2026-02-11 18:09:43,563 - appimagemanager.i18n._ - DEBUG - Missing translation for key: &About
2026-02-11 18:09:43,563 - appimagemanager.i18n._ - DEBUG - Missing translation for key: &About
2026-02-11 18:09:43,563 - appimagemanager.i18n._ - DEBUG - Missing translation for key: Show application information
2026-02-11 18:09:43,563 - appimagemanager.i18n._ - DEBUG - Missing translation for key: Show application information
2026-02-11 18:09:43,563 - root.update_ui_texts - INFO - UI texts updated for new language
2026-02-11 18:09:43,563 - root.update_ui_texts - INFO - UI texts updated for new language
2026-02-11 18:09:43,563 - appimagemanager.i18n._ - DEBUG - Missing translation for key: Application started successfully.
2026-02-11 18:09:43,563 - appimagemanager.i18n._ - DEBUG - Missing translation for key: Application started successfully.
2026-02-11 18:09:43,564 - root.__init__ - INFO - Application started successfully.
2026-02-11 18:09:43,564 - root.__init__ - INFO - Application started successfully.
2026-02-11 18:09:50,867 - appimagemanager.installer.__init__ - DEBUG - Entering __init__ for /home/chriz/Downloads/upscayl-2.15.0-linux.AppImage, mode=user, custom_path=None
2026-02-11 18:09:50,867 - appimagemanager.installer.__init__ - DEBUG - Entering __init__ for /home/chriz/Downloads/upscayl-2.15.0-linux.AppImage, mode=user, custom_path=None
2026-02-11 18:09:50,868 - appimagemanager.installer.__init__ - DEBUG - Initializing AppImageInstaller for '/home/chriz/Downloads/upscayl-2.15.0-linux.AppImage'...
2026-02-11 18:09:50,868 - appimagemanager.installer.__init__ - DEBUG - Initializing AppImageInstaller for '/home/chriz/Downloads/upscayl-2.15.0-linux.AppImage'...
2026-02-11 18:09:50,868 - appimagemanager.installer._determine_base_paths - DEBUG - Base install prefix: /home/chriz/.local/share/appimage-manager-apps
2026-02-11 18:09:50,868 - appimagemanager.installer._determine_base_paths - DEBUG - Base install prefix: /home/chriz/.local/share/appimage-manager-apps
2026-02-11 18:09:50,868 - appimagemanager.installer._determine_base_paths - DEBUG - Bin link dir: /home/chriz/.local/bin
2026-02-11 18:09:50,868 - appimagemanager.installer._determine_base_paths - DEBUG - Bin link dir: /home/chriz/.local/bin
2026-02-11 18:09:50,868 - appimagemanager.installer._determine_base_paths - DEBUG - Desktop link dir: /home/chriz/.local/share/applications
2026-02-11 18:09:50,868 - appimagemanager.installer._determine_base_paths - DEBUG - Desktop link dir: /home/chriz/.local/share/applications
2026-02-11 18:09:50,868 - appimagemanager.installer.__init__ - DEBUG - AppImageInstaller initialized for '/home/chriz/Downloads/upscayl-2.15.0-linux.AppImage'. Mode: user
2026-02-11 18:09:50,868 - appimagemanager.installer.__init__ - DEBUG - AppImageInstaller initialized for '/home/chriz/Downloads/upscayl-2.15.0-linux.AppImage'. Mode: user
2026-02-11 18:09:50,868 - appimagemanager.installer.__init__ - DEBUG - Exiting __init__
2026-02-11 18:09:50,868 - appimagemanager.installer.__init__ - DEBUG - Exiting __init__
2026-02-11 18:09:50,868 - appimagemanager.installer.read_metadata - DEBUG - Entering read_metadata for /home/chriz/Downloads/upscayl-2.15.0-linux.AppImage
2026-02-11 18:09:50,868 - appimagemanager.installer.read_metadata - DEBUG - Entering read_metadata for /home/chriz/Downloads/upscayl-2.15.0-linux.AppImage
2026-02-11 18:09:50,868 - appimagemanager.installer.read_metadata - INFO - Reading metadata for /home/chriz/Downloads/upscayl-2.15.0-linux.AppImage
2026-02-11 18:09:50,868 - appimagemanager.installer.read_metadata - INFO - Reading metadata for /home/chriz/Downloads/upscayl-2.15.0-linux.AppImage
2026-02-11 18:09:50,868 - appimagemanager.installer.read_metadata - INFO - Made AppImage executable: /home/chriz/Downloads/upscayl-2.15.0-linux.AppImage
2026-02-11 18:09:50,868 - appimagemanager.installer.read_metadata - INFO - Made AppImage executable: /home/chriz/Downloads/upscayl-2.15.0-linux.AppImage
2026-02-11 18:09:50,869 - appimagemanager.installer._ensure_temp_dir - DEBUG - Created temporary directory: /tmp/aim_pxydesss
2026-02-11 18:09:50,869 - appimagemanager.installer._ensure_temp_dir - DEBUG - Created temporary directory: /tmp/aim_pxydesss
2026-02-11 18:09:50,869 - appimagemanager.installer.read_metadata - DEBUG - Attempting selective desktop file extraction...
2026-02-11 18:09:50,869 - appimagemanager.installer.read_metadata - DEBUG - Attempting selective desktop file extraction...
2026-02-11 18:10:20,150 - appimagemanager.i18n._ - DEBUG - Missing translation for key: Confirm Exit
2026-02-11 18:10:20,150 - appimagemanager.i18n._ - DEBUG - Missing translation for key: Confirm Exit
2026-02-11 18:10:20,150 - appimagemanager.i18n._ - DEBUG - Missing translation for key: Are you sure you want to exit AppImage Manager?
2026-02-11 18:10:20,150 - appimagemanager.i18n._ - DEBUG - Missing translation for key: Are you sure you want to exit AppImage Manager?
2026-02-11 18:10:22,584 - appimagemanager.i18n._ - DEBUG - Missing translation for key: Application closing.
2026-02-11 18:10:22,584 - appimagemanager.i18n._ - DEBUG - Missing translation for key: Application closing.
2026-02-11 18:10:22,584 - root.closeEvent - INFO - Application closing.
2026-02-11 18:10:22,584 - root.closeEvent - INFO - Application closing.
2026-02-11 18:10:50,897 - appimagemanager.installer.read_metadata - WARNING - Selective desktop extraction failed: Process timed out after 60s
2026-02-11 18:10:50,897 - appimagemanager.installer.read_metadata - WARNING - Selective desktop extraction failed: Process timed out after 60s
2026-02-11 18:10:50,898 - appimagemanager.installer.read_metadata - INFO - Selective desktop extraction insufficient, attempting full extract for metadata...
2026-02-11 18:10:50,898 - appimagemanager.installer.read_metadata - INFO - Selective desktop extraction insufficient, attempting full extract for metadata...
2026-02-11 18:10:53,206 - appimagemanager.installer.read_metadata - INFO - Full extract for metadata successful.
2026-02-11 18:10:53,206 - appimagemanager.installer.read_metadata - INFO - Full extract for metadata successful.
2026-02-11 18:10:53,206 - appimagemanager.installer.read_metadata - DEBUG - Found desktop file via full extract: /tmp/aim_pxydesss/meta_read/squashfs-root/upscayl.desktop
2026-02-11 18:10:53,206 - appimagemanager.installer.read_metadata - DEBUG - Found desktop file via full extract: /tmp/aim_pxydesss/meta_read/squashfs-root/upscayl.desktop
2026-02-11 18:10:53,211 - appimagemanager.installer._parse_desktop_file - DEBUG - Parsed desktop entry: Name='Upscayl', Version='2.15.0', Icon='upscayl', Exec='AppRun --no-sandbox %U', ExecRel='AppRun --no-sandbox %U'
2026-02-11 18:10:53,211 - appimagemanager.installer._parse_desktop_file - DEBUG - Parsed desktop entry: Name='Upscayl', Version='2.15.0', Icon='upscayl', Exec='AppRun --no-sandbox %U', ExecRel='AppRun --no-sandbox %U'
2026-02-11 18:10:53,211 - appimagemanager.installer.read_metadata - INFO - Successfully parsed metadata from extracted desktop file: /tmp/aim_pxydesss/meta_read/squashfs-root/upscayl.desktop
2026-02-11 18:10:53,211 - appimagemanager.installer.read_metadata - INFO - Successfully parsed metadata from extracted desktop file: /tmp/aim_pxydesss/meta_read/squashfs-root/upscayl.desktop
2026-02-11 18:10:53,211 - appimagemanager.installer.read_metadata - DEBUG - Found preview icon source: .DirIcon symlink -> /tmp/aim_pxydesss/meta_read/squashfs-root/usr/share/icons/hicolor/512x512/apps/upscayl.png
2026-02-11 18:10:53,211 - appimagemanager.installer.read_metadata - DEBUG - Found preview icon source: .DirIcon symlink -> /tmp/aim_pxydesss/meta_read/squashfs-root/usr/share/icons/hicolor/512x512/apps/upscayl.png
2026-02-11 18:10:53,211 - appimagemanager.installer.read_metadata - DEBUG - Preview Icon: Source='/tmp/aim_pxydesss/meta_read/squashfs-root/usr/share/icons/hicolor/512x512/apps/upscayl.png', Target='/tmp/aim_pxydesss/preview_d77dcfb8c2e946628e437271e4059ed0.png'
2026-02-11 18:10:53,211 - appimagemanager.installer.read_metadata - DEBUG - Preview Icon: Source='/tmp/aim_pxydesss/meta_read/squashfs-root/usr/share/icons/hicolor/512x512/apps/upscayl.png', Target='/tmp/aim_pxydesss/preview_d77dcfb8c2e946628e437271e4059ed0.png'
2026-02-11 18:10:53,211 - appimagemanager.installer.read_metadata - INFO - Copied preview icon to temporary path: /tmp/aim_pxydesss/preview_d77dcfb8c2e946628e437271e4059ed0.png
2026-02-11 18:10:53,211 - appimagemanager.installer.read_metadata - INFO - Copied preview icon to temporary path: /tmp/aim_pxydesss/preview_d77dcfb8c2e946628e437271e4059ed0.png
2026-02-11 18:10:53,212 - appimagemanager.installer.read_metadata - DEBUG - Recalculating paths after successful metadata read...
2026-02-11 18:10:53,212 - appimagemanager.installer.read_metadata - DEBUG - Recalculating paths after successful metadata read...
2026-02-11 18:10:53,212 - appimagemanager.installer._get_app_specific_install_dir - DEBUG - Determined app specific install dir: /home/chriz/.local/share/appimage-manager-apps/upscayl_2.15.0 (Name: 'upscayl', Version: '2.15.0')
2026-02-11 18:10:53,212 - appimagemanager.installer._get_app_specific_install_dir - DEBUG - Determined app specific install dir: /home/chriz/.local/share/appimage-manager-apps/upscayl_2.15.0 (Name: 'upscayl', Version: '2.15.0')
2026-02-11 18:10:53,212 - appimagemanager.installer._determine_final_paths_placeholder - DEBUG - Determined preliminary bin symlink target: /home/chriz/.local/bin/upscayl
2026-02-11 18:10:53,212 - appimagemanager.installer._determine_final_paths_placeholder - DEBUG - Determined preliminary bin symlink target: /home/chriz/.local/bin/upscayl
2026-02-11 18:10:53,212 - appimagemanager.installer.read_metadata - DEBUG - Updated Info: Name='Upscayl', InstallDir='/home/chriz/.local/share/appimage-manager-apps/upscayl_2.15.0', BinLink='/home/chriz/.local/bin/upscayl'
2026-02-11 18:10:53,212 - appimagemanager.installer.read_metadata - DEBUG - Updated Info: Name='Upscayl', InstallDir='/home/chriz/.local/share/appimage-manager-apps/upscayl_2.15.0', BinLink='/home/chriz/.local/bin/upscayl'
2026-02-11 18:10:53,212 - appimagemanager.installer.read_metadata - DEBUG - Final read metadata: {'name': 'Upscayl', 'version': '2.15.0', 'icon_name': 'upscayl', 'exec': 'AppRun --no-sandbox %U', 'exec_relative': 'AppRun --no-sandbox %U', 'name_sanitized': 'upscayl'}
2026-02-11 18:10:53,212 - appimagemanager.installer.read_metadata - DEBUG - Final read metadata: {'name': 'Upscayl', 'version': '2.15.0', 'icon_name': 'upscayl', 'exec': 'AppRun --no-sandbox %U', 'exec_relative': 'AppRun --no-sandbox %U', 'name_sanitized': 'upscayl'}
2026-02-11 18:10:53,212 - appimagemanager.installer.read_metadata - DEBUG - read_metadata finished. Success: True. Icon path: /tmp/aim_pxydesss/preview_d77dcfb8c2e946628e437271e4059ed0.png
2026-02-11 18:10:53,212 - appimagemanager.installer.read_metadata - DEBUG - read_metadata finished. Success: True. Icon path: /tmp/aim_pxydesss/preview_d77dcfb8c2e946628e437271e4059ed0.png
2026-02-11 18:10:53,212 - appimagemanager.pages.install_page.process_selected_file - INFO - Successfully read metadata: Name='Upscayl', Version='2.15.0'
2026-02-11 18:10:53,212 - appimagemanager.pages.install_page.process_selected_file - INFO - Successfully read metadata: Name='Upscayl', Version='2.15.0'
2026-02-11 18:10:53,215 - appimagemanager.pages.install_page.process_selected_file - INFO - Displayed icon from: /tmp/aim_pxydesss/preview_d77dcfb8c2e946628e437271e4059ed0.png
2026-02-11 18:10:53,215 - appimagemanager.pages.install_page.process_selected_file - INFO - Displayed icon from: /tmp/aim_pxydesss/preview_d77dcfb8c2e946628e437271e4059ed0.png
2026-02-11 18:10:53,215 - appimagemanager.installer.cleanup - DEBUG - Starting cleanup for installer instance (Temp files/dirs: 3 items)
2026-02-11 18:10:53,215 - appimagemanager.installer.cleanup - DEBUG - Starting cleanup for installer instance (Temp files/dirs: 3 items)
2026-02-11 18:10:53,215 - appimagemanager.installer.cleanup - DEBUG - Removed temp file: /tmp/aim_pxydesss/preview_d77dcfb8c2e946628e437271e4059ed0.png
2026-02-11 18:10:53,215 - appimagemanager.installer.cleanup - DEBUG - Removed temp file: /tmp/aim_pxydesss/preview_d77dcfb8c2e946628e437271e4059ed0.png
2026-02-11 18:10:53,297 - appimagemanager.installer.cleanup - DEBUG - Removed temp directory: /tmp/aim_pxydesss/meta_read
2026-02-11 18:10:53,297 - appimagemanager.installer.cleanup - DEBUG - Removed temp directory: /tmp/aim_pxydesss/meta_read
2026-02-11 18:10:53,298 - appimagemanager.installer.cleanup - DEBUG - Removed temp directory: /tmp/aim_pxydesss
2026-02-11 18:10:53,298 - appimagemanager.installer.cleanup - DEBUG - Removed temp directory: /tmp/aim_pxydesss
2026-02-11 18:10:53,298 - appimagemanager.installer.cleanup - DEBUG - Cleanup finished.
2026-02-11 18:10:53,298 - appimagemanager.installer.cleanup - DEBUG - Cleanup finished.
2026-02-11 18:10:53,298 - appimagemanager.pages.install_page.select_file - INFO - AppImage selected: /home/chriz/Downloads/upscayl-2.15.0-linux.AppImage
2026-02-11 18:10:53,298 - appimagemanager.pages.install_page.select_file - INFO - AppImage selected: /home/chriz/Downloads/upscayl-2.15.0-linux.AppImage
