Extension "OUTPUT: GCODE FILE" failed to load because a dependency was not met. Dependency:
	type: file
	location: extensions
	string: inkex.py

Extension "GENERATE: HATCH FILL" failed to load because a dependency was not met. Dependency:
	type: file
	location: extensions
	string: inkex.py

Extension "XFIG Input" failed to load because a dependency was not met. Dependency:
	type: executable
	location: path
	string: fig2dev

Extension "DXF Input" failed to load because a dependency was not met. Dependency:
	type: file
	location: extensions
	string: inkex.py

Extension "Generate Pen (Servo) Gcode Tool" failed to load because a dependency was not met. Dependency:
	type: file
	location: extensions
	string: inkex.py

Extension "GENERATE: TABBED BOX" failed to load because a dependency was not met. Dependency:
	type: file
	location: extensions
	string: inkex.py

Extension "CONVERT: HERSHEY TEXT" failed to load because a dependency was not met. Dependency:
	type: file
	location: extensions
	string: inkex.py

Extension "GENERATE: LIVING HINGE" failed to load because a dependency was not met. Dependency:
	type: file
	location: extensions
	string: inkex.py

Extension "Generate Laser Gcode Tool" failed to load because a dependency was not met. Dependency:
	type: file
	location: extensions
	string: inkex.py

Extension "Line Shading" failed to load because a dependency was not met. Dependency:
	type: file
	location: extensions
	string: inkex.py

Extension "Hatch fill" failed to load because a dependency was not met. Dependency:
	type: file
	location: extensions
	string: inkex.py

Extension "GIMP XCF" failed to load because a dependency was not met. Dependency:
	type: executable
	location: path
	string: gimp

Extension "Formula (pdflatex)" failed to load because a dependency was not met. Dependency:
	type: executable
	location: path
	string: pdflatex

Extension "Optimized PNG" failed to load because a dependency was not met. Dependency:
	type: executable
	location: path
	string: optipng

Extension "Export to PDF via Scribus" failed to load because a dependency was not met. Dependency:
	type: executable
	location: path
	string: scribus

Extension "Formula (typst)" failed to load because a dependency was not met. Dependency:
	type: executable
	location: path
	string: typst

